Determining if the pthread_create exist failed with the following output:
Change Dir: /home/hp/Desktop/Swap_face/dlib-19.17/build/CMakeFiles/CMakeTmp

Run Build Command:"/usr/bin/make" "cmTC_65919/fast"
/usr/bin/make -f CMakeFiles/cmTC_65919.dir/build.make CMakeFiles/cmTC_65919.dir/build
make[1]: Entering directory '/home/hp/Desktop/Swap_face/dlib-19.17/build/CMakeFiles/CMakeTmp'
Building C object CMakeFiles/cmTC_65919.dir/CheckSymbolExists.c.o
/usr/bin/cc     -o CMakeFiles/cmTC_65919.dir/CheckSymbolExists.c.o   -c /home/hp/Desktop/Swap_face/dlib-19.17/build/CMakeFiles/CMakeTmp/CheckSymbolExists.c
Linking C executable cmTC_65919
/usr/bin/cmake -E cmake_link_script CMakeFiles/cmTC_65919.dir/link.txt --verbose=1
/usr/bin/cc       CMakeFiles/cmTC_65919.dir/CheckSymbolExists.c.o  -o cmTC_65919 -rdynamic 
CMakeFiles/cmTC_65919.dir/CheckSymbolExists.c.o: In function `main':
CheckSymbolExists.c:(.text+0x16): undefined reference to `pthread_create'
collect2: error: ld returned 1 exit status
CMakeFiles/cmTC_65919.dir/build.make:97: recipe for target 'cmTC_65919' failed
make[1]: *** [cmTC_65919] Error 1
make[1]: Leaving directory '/home/hp/Desktop/Swap_face/dlib-19.17/build/CMakeFiles/CMakeTmp'
Makefile:126: recipe for target 'cmTC_65919/fast' failed
make: *** [cmTC_65919/fast] Error 2

File /home/hp/Desktop/Swap_face/dlib-19.17/build/CMakeFiles/CMakeTmp/CheckSymbolExists.c:
/* */
#include <pthread.h>

int main(int argc, char** argv)
{
  (void)argv;
#ifndef pthread_create
  return ((int*)(&pthread_create))[argc];
#else
  (void)argc;
  return 0;
#endif
}

Determining if the function pthread_create exists in the pthreads failed with the following output:
Change Dir: /home/hp/Desktop/Swap_face/dlib-19.17/build/CMakeFiles/CMakeTmp

Run Build Command:"/usr/bin/make" "cmTC_35c6d/fast"
/usr/bin/make -f CMakeFiles/cmTC_35c6d.dir/build.make CMakeFiles/cmTC_35c6d.dir/build
make[1]: Entering directory '/home/hp/Desktop/Swap_face/dlib-19.17/build/CMakeFiles/CMakeTmp'
Building C object CMakeFiles/cmTC_35c6d.dir/CheckFunctionExists.c.o
/usr/bin/cc    -DCHECK_FUNCTION_EXISTS=pthread_create   -o CMakeFiles/cmTC_35c6d.dir/CheckFunctionExists.c.o   -c /usr/share/cmake-3.5/Modules/CheckFunctionExists.c
Linking C executable cmTC_35c6d
/usr/bin/cmake -E cmake_link_script CMakeFiles/cmTC_35c6d.dir/link.txt --verbose=1
/usr/bin/cc   -DCHECK_FUNCTION_EXISTS=pthread_create    CMakeFiles/cmTC_35c6d.dir/CheckFunctionExists.c.o  -o cmTC_35c6d -rdynamic -lpthreads 
/usr/bin/ld: cannot find -lpthreads
collect2: error: ld returned 1 exit status
CMakeFiles/cmTC_35c6d.dir/build.make:97: recipe for target 'cmTC_35c6d' failed
make[1]: *** [cmTC_35c6d] Error 1
make[1]: Leaving directory '/home/hp/Desktop/Swap_face/dlib-19.17/build/CMakeFiles/CMakeTmp'
Makefile:126: recipe for target 'cmTC_35c6d/fast' failed
make: *** [cmTC_35c6d/fast] Error 2


Determining if the pthread_create exist failed with the following output:
Change Dir: /home/hp/Desktop/Swap_face/dlib-19.17/build/CMakeFiles/CMakeTmp

Run Build Command:"/usr/bin/make" "cmTC_5e19e/fast"
/usr/bin/make -f CMakeFiles/cmTC_5e19e.dir/build.make CMakeFiles/cmTC_5e19e.dir/build
make[1]: Entering directory '/home/hp/Desktop/Swap_face/dlib-19.17/build/CMakeFiles/CMakeTmp'
Building C object CMakeFiles/cmTC_5e19e.dir/CheckSymbolExists.c.o
/usr/bin/cc     -o CMakeFiles/cmTC_5e19e.dir/CheckSymbolExists.c.o   -c /home/hp/Desktop/Swap_face/dlib-19.17/build/CMakeFiles/CMakeTmp/CheckSymbolExists.c
Linking C executable cmTC_5e19e
/usr/bin/cmake -E cmake_link_script CMakeFiles/cmTC_5e19e.dir/link.txt --verbose=1
/usr/bin/cc       CMakeFiles/cmTC_5e19e.dir/CheckSymbolExists.c.o  -o cmTC_5e19e -rdynamic 
CMakeFiles/cmTC_5e19e.dir/CheckSymbolExists.c.o: In function `main':
CheckSymbolExists.c:(.text+0x16): undefined reference to `pthread_create'
collect2: error: ld returned 1 exit status
CMakeFiles/cmTC_5e19e.dir/build.make:97: recipe for target 'cmTC_5e19e' failed
make[1]: *** [cmTC_5e19e] Error 1
make[1]: Leaving directory '/home/hp/Desktop/Swap_face/dlib-19.17/build/CMakeFiles/CMakeTmp'
Makefile:126: recipe for target 'cmTC_5e19e/fast' failed
make: *** [cmTC_5e19e/fast] Error 2

File /home/hp/Desktop/Swap_face/dlib-19.17/build/CMakeFiles/CMakeTmp/CheckSymbolExists.c:
/* */
#include <pthread.h>

int main(int argc, char** argv)
{
  (void)argv;
#ifndef pthread_create
  return ((int*)(&pthread_create))[argc];
#else
  (void)argc;
  return 0;
#endif
}

Determining if the function pthread_create exists in the pthreads failed with the following output:
Change Dir: /home/hp/Desktop/Swap_face/dlib-19.17/build/CMakeFiles/CMakeTmp

Run Build Command:"/usr/bin/make" "cmTC_b0cfc/fast"
/usr/bin/make -f CMakeFiles/cmTC_b0cfc.dir/build.make CMakeFiles/cmTC_b0cfc.dir/build
make[1]: Entering directory '/home/hp/Desktop/Swap_face/dlib-19.17/build/CMakeFiles/CMakeTmp'
Building C object CMakeFiles/cmTC_b0cfc.dir/CheckFunctionExists.c.o
/usr/bin/cc    -DCHECK_FUNCTION_EXISTS=pthread_create   -o CMakeFiles/cmTC_b0cfc.dir/CheckFunctionExists.c.o   -c /usr/share/cmake-3.5/Modules/CheckFunctionExists.c
Linking C executable cmTC_b0cfc
/usr/bin/cmake -E cmake_link_script CMakeFiles/cmTC_b0cfc.dir/link.txt --verbose=1
/usr/bin/cc   -DCHECK_FUNCTION_EXISTS=pthread_create    CMakeFiles/cmTC_b0cfc.dir/CheckFunctionExists.c.o  -o cmTC_b0cfc -rdynamic -lpthreads 
/usr/bin/ld: cannot find -lpthreads
collect2: error: ld returned 1 exit status
CMakeFiles/cmTC_b0cfc.dir/build.make:97: recipe for target 'cmTC_b0cfc' failed
make[1]: *** [cmTC_b0cfc] Error 1
make[1]: Leaving directory '/home/hp/Desktop/Swap_face/dlib-19.17/build/CMakeFiles/CMakeTmp'
Makefile:126: recipe for target 'cmTC_b0cfc/fast' failed
make: *** [cmTC_b0cfc/fast] Error 2


Determining if the function sgesv exists failed with the following output:
Change Dir: /home/hp/Desktop/Swap_face/dlib-19.17/build/CMakeFiles/CMakeTmp

Run Build Command:"/usr/bin/make" "cmTC_30e07/fast"
/usr/bin/make -f CMakeFiles/cmTC_30e07.dir/build.make CMakeFiles/cmTC_30e07.dir/build
make[1]: Entering directory '/home/hp/Desktop/Swap_face/dlib-19.17/build/CMakeFiles/CMakeTmp'
Building C object CMakeFiles/cmTC_30e07.dir/CheckFunctionExists.c.o
/usr/bin/cc    -DCHECK_FUNCTION_EXISTS=sgesv   -o CMakeFiles/cmTC_30e07.dir/CheckFunctionExists.c.o   -c /usr/share/cmake-3.5/Modules/CheckFunctionExists.c
Linking C executable cmTC_30e07
/usr/bin/cmake -E cmake_link_script CMakeFiles/cmTC_30e07.dir/link.txt --verbose=1
/usr/bin/cc   -DCHECK_FUNCTION_EXISTS=sgesv    CMakeFiles/cmTC_30e07.dir/CheckFunctionExists.c.o  -o cmTC_30e07 -rdynamic 
CMakeFiles/cmTC_30e07.dir/CheckFunctionExists.c.o: In function `main':
CheckFunctionExists.c:(.text+0x15): undefined reference to `sgesv'
collect2: error: ld returned 1 exit status
CMakeFiles/cmTC_30e07.dir/build.make:97: recipe for target 'cmTC_30e07' failed
make[1]: *** [cmTC_30e07] Error 1
make[1]: Leaving directory '/home/hp/Desktop/Swap_face/dlib-19.17/build/CMakeFiles/CMakeTmp'
Makefile:126: recipe for target 'cmTC_30e07/fast' failed
make: *** [cmTC_30e07/fast] Error 2


Determining if the function sgesv_ exists failed with the following output:
Change Dir: /home/hp/Desktop/Swap_face/dlib-19.17/build/CMakeFiles/CMakeTmp

Run Build Command:"/usr/bin/make" "cmTC_102ca/fast"
/usr/bin/make -f CMakeFiles/cmTC_102ca.dir/build.make CMakeFiles/cmTC_102ca.dir/build
make[1]: Entering directory '/home/hp/Desktop/Swap_face/dlib-19.17/build/CMakeFiles/CMakeTmp'
Building C object CMakeFiles/cmTC_102ca.dir/CheckFunctionExists.c.o
/usr/bin/cc    -DCHECK_FUNCTION_EXISTS=sgesv_   -o CMakeFiles/cmTC_102ca.dir/CheckFunctionExists.c.o   -c /usr/share/cmake-3.5/Modules/CheckFunctionExists.c
Linking C executable cmTC_102ca
/usr/bin/cmake -E cmake_link_script CMakeFiles/cmTC_102ca.dir/link.txt --verbose=1
/usr/bin/cc   -DCHECK_FUNCTION_EXISTS=sgesv_    CMakeFiles/cmTC_102ca.dir/CheckFunctionExists.c.o  -o cmTC_102ca -rdynamic 
CMakeFiles/cmTC_102ca.dir/CheckFunctionExists.c.o: In function `main':
CheckFunctionExists.c:(.text+0x15): undefined reference to `sgesv_'
collect2: error: ld returned 1 exit status
CMakeFiles/cmTC_102ca.dir/build.make:97: recipe for target 'cmTC_102ca' failed
make[1]: *** [cmTC_102ca] Error 1
make[1]: Leaving directory '/home/hp/Desktop/Swap_face/dlib-19.17/build/CMakeFiles/CMakeTmp'
Makefile:126: recipe for target 'cmTC_102ca/fast' failed
make: *** [cmTC_102ca/fast] Error 2


