The system is: Linux - 4.15.0-46-generic - x86_64
Compiling the C compiler identification source file "CMakeCCompilerId.c" succeeded.
Compiler: /usr/bin/cc 
Build flags: 
Id flags: 

The output was:
0


Compilation of the C compiler identification source "CMakeCCompilerId.c" produced "a.out"

The C compiler identification is GNU, found in "/home/hp/Desktop/Swap_face/dlib-19.17/build/temp.linux-x86_64-3.6/CMakeFiles/3.5.1/CompilerIdC/a.out"

Compiling the CXX compiler identification source file "CMakeCXXCompilerId.cpp" succeeded.
Compiler: /usr/bin/c++ 
Build flags: 
Id flags: 

The output was:
0


Compilation of the CXX compiler identification source "CMakeCXXCompilerId.cpp" produced "a.out"

The CXX compiler identification is GNU, found in "/home/hp/Desktop/Swap_face/dlib-19.17/build/temp.linux-x86_64-3.6/CMakeFiles/3.5.1/CompilerIdCXX/a.out"

Determining if the C compiler works passed with the following output:
Change Dir: /home/hp/Desktop/Swap_face/dlib-19.17/build/temp.linux-x86_64-3.6/CMakeFiles/CMakeTmp

Run Build Command:"/usr/bin/make" "cmTC_51330/fast"
/usr/bin/make -f CMakeFiles/cmTC_51330.dir/build.make CMakeFiles/cmTC_51330.dir/build
make[1]: Entering directory '/home/hp/Desktop/Swap_face/dlib-19.17/build/temp.linux-x86_64-3.6/CMakeFiles/CMakeTmp'
Building C object CMakeFiles/cmTC_51330.dir/testCCompiler.c.o
/usr/bin/cc     -o CMakeFiles/cmTC_51330.dir/testCCompiler.c.o   -c /home/hp/Desktop/Swap_face/dlib-19.17/build/temp.linux-x86_64-3.6/CMakeFiles/CMakeTmp/testCCompiler.c
Linking C executable cmTC_51330
/usr/bin/cmake -E cmake_link_script CMakeFiles/cmTC_51330.dir/link.txt --verbose=1
/usr/bin/cc       CMakeFiles/cmTC_51330.dir/testCCompiler.c.o  -o cmTC_51330 -rdynamic 
make[1]: Leaving directory '/home/hp/Desktop/Swap_face/dlib-19.17/build/temp.linux-x86_64-3.6/CMakeFiles/CMakeTmp'


Detecting C compiler ABI info compiled with the following output:
Change Dir: /home/hp/Desktop/Swap_face/dlib-19.17/build/temp.linux-x86_64-3.6/CMakeFiles/CMakeTmp

Run Build Command:"/usr/bin/make" "cmTC_48427/fast"
/usr/bin/make -f CMakeFiles/cmTC_48427.dir/build.make CMakeFiles/cmTC_48427.dir/build
make[1]: Entering directory '/home/hp/Desktop/Swap_face/dlib-19.17/build/temp.linux-x86_64-3.6/CMakeFiles/CMakeTmp'
Building C object CMakeFiles/cmTC_48427.dir/CMakeCCompilerABI.c.o
/usr/bin/cc     -o CMakeFiles/cmTC_48427.dir/CMakeCCompilerABI.c.o   -c /usr/share/cmake-3.5/Modules/CMakeCCompilerABI.c
Linking C executable cmTC_48427
/usr/bin/cmake -E cmake_link_script CMakeFiles/cmTC_48427.dir/link.txt --verbose=1
/usr/bin/cc      -v CMakeFiles/cmTC_48427.dir/CMakeCCompilerABI.c.o  -o cmTC_48427 -rdynamic  
Using built-in specs.
COLLECT_GCC=/usr/bin/cc
COLLECT_LTO_WRAPPER=/usr/lib/gcc/x86_64-linux-gnu/5/lto-wrapper
Target: x86_64-linux-gnu
Configured with: ../src/configure -v --with-pkgversion='Ubuntu 5.4.0-6ubuntu1~16.04.11' --with-bugurl=file:///usr/share/doc/gcc-5/README.Bugs --enable-languages=c,ada,c++,java,go,d,fortran,objc,obj-c++ --prefix=/usr --program-suffix=-5 --enable-shared --enable-linker-build-id --libexecdir=/usr/lib --without-included-gettext --enable-threads=posix --libdir=/usr/lib --enable-nls --with-sysroot=/ --enable-clocale=gnu --enable-libstdcxx-debug --enable-libstdcxx-time=yes --with-default-libstdcxx-abi=new --enable-gnu-unique-object --disable-vtable-verify --enable-libmpx --enable-plugin --with-system-zlib --disable-browser-plugin --enable-java-awt=gtk --enable-gtk-cairo --with-java-home=/usr/lib/jvm/java-1.5.0-gcj-5-amd64/jre --enable-java-home --with-jvm-root-dir=/usr/lib/jvm/java-1.5.0-gcj-5-amd64 --with-jvm-jar-dir=/usr/lib/jvm-exports/java-1.5.0-gcj-5-amd64 --with-arch-directory=amd64 --with-ecj-jar=/usr/share/java/eclipse-ecj.jar --enable-objc-gc --enable-multiarch --disable-werror --with-arch-32=i686 --with-abi=m64 --with-multilib-list=m32,m64,mx32 --enable-multilib --with-tune=generic --enable-checking=release --build=x86_64-linux-gnu --host=x86_64-linux-gnu --target=x86_64-linux-gnu
Thread model: posix
gcc version 5.4.0 20160609 (Ubuntu 5.4.0-6ubuntu1~16.04.11) 
COMPILER_PATH=/usr/lib/gcc/x86_64-linux-gnu/5/:/usr/lib/gcc/x86_64-linux-gnu/5/:/usr/lib/gcc/x86_64-linux-gnu/:/usr/lib/gcc/x86_64-linux-gnu/5/:/usr/lib/gcc/x86_64-linux-gnu/
LIBRARY_PATH=/usr/lib/gcc/x86_64-linux-gnu/5/:/usr/lib/gcc/x86_64-linux-gnu/5/../../../x86_64-linux-gnu/:/usr/lib/gcc/x86_64-linux-gnu/5/../../../../lib/:/lib/x86_64-linux-gnu/:/lib/../lib/:/usr/lib/x86_64-linux-gnu/:/usr/lib/../lib/:/usr/lib/gcc/x86_64-linux-gnu/5/../../../:/lib/:/usr/lib/
COLLECT_GCC_OPTIONS='-v' '-o' 'cmTC_48427' '-rdynamic' '-mtune=generic' '-march=x86-64'
 /usr/lib/gcc/x86_64-linux-gnu/5/collect2 -plugin /usr/lib/gcc/x86_64-linux-gnu/5/liblto_plugin.so -plugin-opt=/usr/lib/gcc/x86_64-linux-gnu/5/lto-wrapper -plugin-opt=-fresolution=/tmp/cc4nVGG9.res -plugin-opt=-pass-through=-lgcc -plugin-opt=-pass-through=-lgcc_s -plugin-opt=-pass-through=-lc -plugin-opt=-pass-through=-lgcc -plugin-opt=-pass-through=-lgcc_s --sysroot=/ --build-id --eh-frame-hdr -m elf_x86_64 --hash-style=gnu --as-needed -export-dynamic -dynamic-linker /lib64/ld-linux-x86-64.so.2 -z relro -o cmTC_48427 /usr/lib/gcc/x86_64-linux-gnu/5/../../../x86_64-linux-gnu/crt1.o /usr/lib/gcc/x86_64-linux-gnu/5/../../../x86_64-linux-gnu/crti.o /usr/lib/gcc/x86_64-linux-gnu/5/crtbegin.o -L/usr/lib/gcc/x86_64-linux-gnu/5 -L/usr/lib/gcc/x86_64-linux-gnu/5/../../../x86_64-linux-gnu -L/usr/lib/gcc/x86_64-linux-gnu/5/../../../../lib -L/lib/x86_64-linux-gnu -L/lib/../lib -L/usr/lib/x86_64-linux-gnu -L/usr/lib/../lib -L/usr/lib/gcc/x86_64-linux-gnu/5/../../.. CMakeFiles/cmTC_48427.dir/CMakeCCompilerABI.c.o -lgcc --as-needed -lgcc_s --no-as-needed -lc -lgcc --as-needed -lgcc_s --no-as-needed /usr/lib/gcc/x86_64-linux-gnu/5/crtend.o /usr/lib/gcc/x86_64-linux-gnu/5/../../../x86_64-linux-gnu/crtn.o
make[1]: Leaving directory '/home/hp/Desktop/Swap_face/dlib-19.17/build/temp.linux-x86_64-3.6/CMakeFiles/CMakeTmp'


Parsed C implicit link information from above output:
  link line regex: [^( *|.*[/\])(ld|([^/\]+-)?ld|collect2)[^/\]*( |$)]
  ignore line: [Change Dir: /home/hp/Desktop/Swap_face/dlib-19.17/build/temp.linux-x86_64-3.6/CMakeFiles/CMakeTmp]
  ignore line: []
  ignore line: [Run Build Command:"/usr/bin/make" "cmTC_48427/fast"]
  ignore line: [/usr/bin/make -f CMakeFiles/cmTC_48427.dir/build.make CMakeFiles/cmTC_48427.dir/build]
  ignore line: [make[1]: Entering directory '/home/hp/Desktop/Swap_face/dlib-19.17/build/temp.linux-x86_64-3.6/CMakeFiles/CMakeTmp']
  ignore line: [Building C object CMakeFiles/cmTC_48427.dir/CMakeCCompilerABI.c.o]
  ignore line: [/usr/bin/cc     -o CMakeFiles/cmTC_48427.dir/CMakeCCompilerABI.c.o   -c /usr/share/cmake-3.5/Modules/CMakeCCompilerABI.c]
  ignore line: [Linking C executable cmTC_48427]
  ignore line: [/usr/bin/cmake -E cmake_link_script CMakeFiles/cmTC_48427.dir/link.txt --verbose=1]
  ignore line: [/usr/bin/cc      -v CMakeFiles/cmTC_48427.dir/CMakeCCompilerABI.c.o  -o cmTC_48427 -rdynamic  ]
  ignore line: [Using built-in specs.]
  ignore line: [COLLECT_GCC=/usr/bin/cc]
  ignore line: [COLLECT_LTO_WRAPPER=/usr/lib/gcc/x86_64-linux-gnu/5/lto-wrapper]
  ignore line: [Target: x86_64-linux-gnu]
  ignore line: [Configured with: ../src/configure -v --with-pkgversion='Ubuntu 5.4.0-6ubuntu1~16.04.11' --with-bugurl=file:///usr/share/doc/gcc-5/README.Bugs --enable-languages=c,ada,c++,java,go,d,fortran,objc,obj-c++ --prefix=/usr --program-suffix=-5 --enable-shared --enable-linker-build-id --libexecdir=/usr/lib --without-included-gettext --enable-threads=posix --libdir=/usr/lib --enable-nls --with-sysroot=/ --enable-clocale=gnu --enable-libstdcxx-debug --enable-libstdcxx-time=yes --with-default-libstdcxx-abi=new --enable-gnu-unique-object --disable-vtable-verify --enable-libmpx --enable-plugin --with-system-zlib --disable-browser-plugin --enable-java-awt=gtk --enable-gtk-cairo --with-java-home=/usr/lib/jvm/java-1.5.0-gcj-5-amd64/jre --enable-java-home --with-jvm-root-dir=/usr/lib/jvm/java-1.5.0-gcj-5-amd64 --with-jvm-jar-dir=/usr/lib/jvm-exports/java-1.5.0-gcj-5-amd64 --with-arch-directory=amd64 --with-ecj-jar=/usr/share/java/eclipse-ecj.jar --enable-objc-gc --enable-multiarch --disable-werror --with-arch-32=i686 --with-abi=m64 --with-multilib-list=m32,m64,mx32 --enable-multilib --with-tune=generic --enable-checking=release --build=x86_64-linux-gnu --host=x86_64-linux-gnu --target=x86_64-linux-gnu]
  ignore line: [Thread model: posix]
  ignore line: [gcc version 5.4.0 20160609 (Ubuntu 5.4.0-6ubuntu1~16.04.11) ]
  ignore line: [COMPILER_PATH=/usr/lib/gcc/x86_64-linux-gnu/5/:/usr/lib/gcc/x86_64-linux-gnu/5/:/usr/lib/gcc/x86_64-linux-gnu/:/usr/lib/gcc/x86_64-linux-gnu/5/:/usr/lib/gcc/x86_64-linux-gnu/]
  ignore line: [LIBRARY_PATH=/usr/lib/gcc/x86_64-linux-gnu/5/:/usr/lib/gcc/x86_64-linux-gnu/5/../../../x86_64-linux-gnu/:/usr/lib/gcc/x86_64-linux-gnu/5/../../../../lib/:/lib/x86_64-linux-gnu/:/lib/../lib/:/usr/lib/x86_64-linux-gnu/:/usr/lib/../lib/:/usr/lib/gcc/x86_64-linux-gnu/5/../../../:/lib/:/usr/lib/]
  ignore line: [COLLECT_GCC_OPTIONS='-v' '-o' 'cmTC_48427' '-rdynamic' '-mtune=generic' '-march=x86-64']
  link line: [ /usr/lib/gcc/x86_64-linux-gnu/5/collect2 -plugin /usr/lib/gcc/x86_64-linux-gnu/5/liblto_plugin.so -plugin-opt=/usr/lib/gcc/x86_64-linux-gnu/5/lto-wrapper -plugin-opt=-fresolution=/tmp/cc4nVGG9.res -plugin-opt=-pass-through=-lgcc -plugin-opt=-pass-through=-lgcc_s -plugin-opt=-pass-through=-lc -plugin-opt=-pass-through=-lgcc -plugin-opt=-pass-through=-lgcc_s --sysroot=/ --build-id --eh-frame-hdr -m elf_x86_64 --hash-style=gnu --as-needed -export-dynamic -dynamic-linker /lib64/ld-linux-x86-64.so.2 -z relro -o cmTC_48427 /usr/lib/gcc/x86_64-linux-gnu/5/../../../x86_64-linux-gnu/crt1.o /usr/lib/gcc/x86_64-linux-gnu/5/../../../x86_64-linux-gnu/crti.o /usr/lib/gcc/x86_64-linux-gnu/5/crtbegin.o -L/usr/lib/gcc/x86_64-linux-gnu/5 -L/usr/lib/gcc/x86_64-linux-gnu/5/../../../x86_64-linux-gnu -L/usr/lib/gcc/x86_64-linux-gnu/5/../../../../lib -L/lib/x86_64-linux-gnu -L/lib/../lib -L/usr/lib/x86_64-linux-gnu -L/usr/lib/../lib -L/usr/lib/gcc/x86_64-linux-gnu/5/../../.. CMakeFiles/cmTC_48427.dir/CMakeCCompilerABI.c.o -lgcc --as-needed -lgcc_s --no-as-needed -lc -lgcc --as-needed -lgcc_s --no-as-needed /usr/lib/gcc/x86_64-linux-gnu/5/crtend.o /usr/lib/gcc/x86_64-linux-gnu/5/../../../x86_64-linux-gnu/crtn.o]
    arg [/usr/lib/gcc/x86_64-linux-gnu/5/collect2] ==> ignore
    arg [-plugin] ==> ignore
    arg [/usr/lib/gcc/x86_64-linux-gnu/5/liblto_plugin.so] ==> ignore
    arg [-plugin-opt=/usr/lib/gcc/x86_64-linux-gnu/5/lto-wrapper] ==> ignore
    arg [-plugin-opt=-fresolution=/tmp/cc4nVGG9.res] ==> ignore
    arg [-plugin-opt=-pass-through=-lgcc] ==> ignore
    arg [-plugin-opt=-pass-through=-lgcc_s] ==> ignore
    arg [-plugin-opt=-pass-through=-lc] ==> ignore
    arg [-plugin-opt=-pass-through=-lgcc] ==> ignore
    arg [-plugin-opt=-pass-through=-lgcc_s] ==> ignore
    arg [--sysroot=/] ==> ignore
    arg [--build-id] ==> ignore
    arg [--eh-frame-hdr] ==> ignore
    arg [-m] ==> ignore
    arg [elf_x86_64] ==> ignore
    arg [--hash-style=gnu] ==> ignore
    arg [--as-needed] ==> ignore
    arg [-export-dynamic] ==> ignore
    arg [-dynamic-linker] ==> ignore
    arg [/lib64/ld-linux-x86-64.so.2] ==> ignore
    arg [-zrelro] ==> ignore
    arg [-o] ==> ignore
    arg [cmTC_48427] ==> ignore
    arg [/usr/lib/gcc/x86_64-linux-gnu/5/../../../x86_64-linux-gnu/crt1.o] ==> ignore
    arg [/usr/lib/gcc/x86_64-linux-gnu/5/../../../x86_64-linux-gnu/crti.o] ==> ignore
    arg [/usr/lib/gcc/x86_64-linux-gnu/5/crtbegin.o] ==> ignore
    arg [-L/usr/lib/gcc/x86_64-linux-gnu/5] ==> dir [/usr/lib/gcc/x86_64-linux-gnu/5]
    arg [-L/usr/lib/gcc/x86_64-linux-gnu/5/../../../x86_64-linux-gnu] ==> dir [/usr/lib/gcc/x86_64-linux-gnu/5/../../../x86_64-linux-gnu]
    arg [-L/usr/lib/gcc/x86_64-linux-gnu/5/../../../../lib] ==> dir [/usr/lib/gcc/x86_64-linux-gnu/5/../../../../lib]
    arg [-L/lib/x86_64-linux-gnu] ==> dir [/lib/x86_64-linux-gnu]
    arg [-L/lib/../lib] ==> dir [/lib/../lib]
    arg [-L/usr/lib/x86_64-linux-gnu] ==> dir [/usr/lib/x86_64-linux-gnu]
    arg [-L/usr/lib/../lib] ==> dir [/usr/lib/../lib]
    arg [-L/usr/lib/gcc/x86_64-linux-gnu/5/../../..] ==> dir [/usr/lib/gcc/x86_64-linux-gnu/5/../../..]
    arg [CMakeFiles/cmTC_48427.dir/CMakeCCompilerABI.c.o] ==> ignore
    arg [-lgcc] ==> lib [gcc]
    arg [--as-needed] ==> ignore
    arg [-lgcc_s] ==> lib [gcc_s]
    arg [--no-as-needed] ==> ignore
    arg [-lc] ==> lib [c]
    arg [-lgcc] ==> lib [gcc]
    arg [--as-needed] ==> ignore
    arg [-lgcc_s] ==> lib [gcc_s]
    arg [--no-as-needed] ==> ignore
    arg [/usr/lib/gcc/x86_64-linux-gnu/5/crtend.o] ==> ignore
    arg [/usr/lib/gcc/x86_64-linux-gnu/5/../../../x86_64-linux-gnu/crtn.o] ==> ignore
  remove lib [gcc]
  remove lib [gcc_s]
  remove lib [gcc]
  remove lib [gcc_s]
  collapse library dir [/usr/lib/gcc/x86_64-linux-gnu/5] ==> [/usr/lib/gcc/x86_64-linux-gnu/5]
  collapse library dir [/usr/lib/gcc/x86_64-linux-gnu/5/../../../x86_64-linux-gnu] ==> [/usr/lib/x86_64-linux-gnu]
  collapse library dir [/usr/lib/gcc/x86_64-linux-gnu/5/../../../../lib] ==> [/usr/lib]
  collapse library dir [/lib/x86_64-linux-gnu] ==> [/lib/x86_64-linux-gnu]
  collapse library dir [/lib/../lib] ==> [/lib]
  collapse library dir [/usr/lib/x86_64-linux-gnu] ==> [/usr/lib/x86_64-linux-gnu]
  collapse library dir [/usr/lib/../lib] ==> [/usr/lib]
  collapse library dir [/usr/lib/gcc/x86_64-linux-gnu/5/../../..] ==> [/usr/lib]
  implicit libs: [c]
  implicit dirs: [/usr/lib/gcc/x86_64-linux-gnu/5;/usr/lib/x86_64-linux-gnu;/usr/lib;/lib/x86_64-linux-gnu;/lib]
  implicit fwks: []




Detecting C [-std=c11] compiler features compiled with the following output:
Change Dir: /home/hp/Desktop/Swap_face/dlib-19.17/build/temp.linux-x86_64-3.6/CMakeFiles/CMakeTmp

Run Build Command:"/usr/bin/make" "cmTC_5521f/fast"
/usr/bin/make -f CMakeFiles/cmTC_5521f.dir/build.make CMakeFiles/cmTC_5521f.dir/build
make[1]: Entering directory '/home/hp/Desktop/Swap_face/dlib-19.17/build/temp.linux-x86_64-3.6/CMakeFiles/CMakeTmp'
Building C object CMakeFiles/cmTC_5521f.dir/feature_tests.c.o
/usr/bin/cc    -std=c11 -o CMakeFiles/cmTC_5521f.dir/feature_tests.c.o   -c /home/hp/Desktop/Swap_face/dlib-19.17/build/temp.linux-x86_64-3.6/CMakeFiles/feature_tests.c
Linking C executable cmTC_5521f
/usr/bin/cmake -E cmake_link_script CMakeFiles/cmTC_5521f.dir/link.txt --verbose=1
/usr/bin/cc       CMakeFiles/cmTC_5521f.dir/feature_tests.c.o  -o cmTC_5521f -rdynamic 
make[1]: Leaving directory '/home/hp/Desktop/Swap_face/dlib-19.17/build/temp.linux-x86_64-3.6/CMakeFiles/CMakeTmp'


    Feature record: C_FEATURE:1c_function_prototypes
    Feature record: C_FEATURE:1c_restrict
    Feature record: C_FEATURE:1c_static_assert
    Feature record: C_FEATURE:1c_variadic_macros


Detecting C [-std=c99] compiler features compiled with the following output:
Change Dir: /home/hp/Desktop/Swap_face/dlib-19.17/build/temp.linux-x86_64-3.6/CMakeFiles/CMakeTmp

Run Build Command:"/usr/bin/make" "cmTC_70c81/fast"
/usr/bin/make -f CMakeFiles/cmTC_70c81.dir/build.make CMakeFiles/cmTC_70c81.dir/build
make[1]: Entering directory '/home/hp/Desktop/Swap_face/dlib-19.17/build/temp.linux-x86_64-3.6/CMakeFiles/CMakeTmp'
Building C object CMakeFiles/cmTC_70c81.dir/feature_tests.c.o
/usr/bin/cc    -std=c99 -o CMakeFiles/cmTC_70c81.dir/feature_tests.c.o   -c /home/hp/Desktop/Swap_face/dlib-19.17/build/temp.linux-x86_64-3.6/CMakeFiles/feature_tests.c
Linking C executable cmTC_70c81
/usr/bin/cmake -E cmake_link_script CMakeFiles/cmTC_70c81.dir/link.txt --verbose=1
/usr/bin/cc       CMakeFiles/cmTC_70c81.dir/feature_tests.c.o  -o cmTC_70c81 -rdynamic 
make[1]: Leaving directory '/home/hp/Desktop/Swap_face/dlib-19.17/build/temp.linux-x86_64-3.6/CMakeFiles/CMakeTmp'


    Feature record: C_FEATURE:1c_function_prototypes
    Feature record: C_FEATURE:1c_restrict
    Feature record: C_FEATURE:0c_static_assert
    Feature record: C_FEATURE:1c_variadic_macros


Detecting C [-std=c90] compiler features compiled with the following output:
Change Dir: /home/hp/Desktop/Swap_face/dlib-19.17/build/temp.linux-x86_64-3.6/CMakeFiles/CMakeTmp

Run Build Command:"/usr/bin/make" "cmTC_fdbb7/fast"
/usr/bin/make -f CMakeFiles/cmTC_fdbb7.dir/build.make CMakeFiles/cmTC_fdbb7.dir/build
make[1]: Entering directory '/home/hp/Desktop/Swap_face/dlib-19.17/build/temp.linux-x86_64-3.6/CMakeFiles/CMakeTmp'
Building C object CMakeFiles/cmTC_fdbb7.dir/feature_tests.c.o
/usr/bin/cc    -std=c90 -o CMakeFiles/cmTC_fdbb7.dir/feature_tests.c.o   -c /home/hp/Desktop/Swap_face/dlib-19.17/build/temp.linux-x86_64-3.6/CMakeFiles/feature_tests.c
Linking C executable cmTC_fdbb7
/usr/bin/cmake -E cmake_link_script CMakeFiles/cmTC_fdbb7.dir/link.txt --verbose=1
/usr/bin/cc       CMakeFiles/cmTC_fdbb7.dir/feature_tests.c.o  -o cmTC_fdbb7 -rdynamic 
make[1]: Leaving directory '/home/hp/Desktop/Swap_face/dlib-19.17/build/temp.linux-x86_64-3.6/CMakeFiles/CMakeTmp'


    Feature record: C_FEATURE:1c_function_prototypes
    Feature record: C_FEATURE:0c_restrict
    Feature record: C_FEATURE:0c_static_assert
    Feature record: C_FEATURE:0c_variadic_macros
Determining if the CXX compiler works passed with the following output:
Change Dir: /home/hp/Desktop/Swap_face/dlib-19.17/build/temp.linux-x86_64-3.6/CMakeFiles/CMakeTmp

Run Build Command:"/usr/bin/make" "cmTC_3ac35/fast"
/usr/bin/make -f CMakeFiles/cmTC_3ac35.dir/build.make CMakeFiles/cmTC_3ac35.dir/build
make[1]: Entering directory '/home/hp/Desktop/Swap_face/dlib-19.17/build/temp.linux-x86_64-3.6/CMakeFiles/CMakeTmp'
Building CXX object CMakeFiles/cmTC_3ac35.dir/testCXXCompiler.cxx.o
/usr/bin/c++      -o CMakeFiles/cmTC_3ac35.dir/testCXXCompiler.cxx.o -c /home/hp/Desktop/Swap_face/dlib-19.17/build/temp.linux-x86_64-3.6/CMakeFiles/CMakeTmp/testCXXCompiler.cxx
Linking CXX executable cmTC_3ac35
/usr/bin/cmake -E cmake_link_script CMakeFiles/cmTC_3ac35.dir/link.txt --verbose=1
/usr/bin/c++        CMakeFiles/cmTC_3ac35.dir/testCXXCompiler.cxx.o  -o cmTC_3ac35 -rdynamic 
make[1]: Leaving directory '/home/hp/Desktop/Swap_face/dlib-19.17/build/temp.linux-x86_64-3.6/CMakeFiles/CMakeTmp'


Detecting CXX compiler ABI info compiled with the following output:
Change Dir: /home/hp/Desktop/Swap_face/dlib-19.17/build/temp.linux-x86_64-3.6/CMakeFiles/CMakeTmp

Run Build Command:"/usr/bin/make" "cmTC_35a28/fast"
/usr/bin/make -f CMakeFiles/cmTC_35a28.dir/build.make CMakeFiles/cmTC_35a28.dir/build
make[1]: Entering directory '/home/hp/Desktop/Swap_face/dlib-19.17/build/temp.linux-x86_64-3.6/CMakeFiles/CMakeTmp'
Building CXX object CMakeFiles/cmTC_35a28.dir/CMakeCXXCompilerABI.cpp.o
/usr/bin/c++      -o CMakeFiles/cmTC_35a28.dir/CMakeCXXCompilerABI.cpp.o -c /usr/share/cmake-3.5/Modules/CMakeCXXCompilerABI.cpp
Linking CXX executable cmTC_35a28
/usr/bin/cmake -E cmake_link_script CMakeFiles/cmTC_35a28.dir/link.txt --verbose=1
/usr/bin/c++       -v CMakeFiles/cmTC_35a28.dir/CMakeCXXCompilerABI.cpp.o  -o cmTC_35a28 -rdynamic  
Using built-in specs.
COLLECT_GCC=/usr/bin/c++
COLLECT_LTO_WRAPPER=/usr/lib/gcc/x86_64-linux-gnu/5/lto-wrapper
Target: x86_64-linux-gnu
Configured with: ../src/configure -v --with-pkgversion='Ubuntu 5.4.0-6ubuntu1~16.04.11' --with-bugurl=file:///usr/share/doc/gcc-5/README.Bugs --enable-languages=c,ada,c++,java,go,d,fortran,objc,obj-c++ --prefix=/usr --program-suffix=-5 --enable-shared --enable-linker-build-id --libexecdir=/usr/lib --without-included-gettext --enable-threads=posix --libdir=/usr/lib --enable-nls --with-sysroot=/ --enable-clocale=gnu --enable-libstdcxx-debug --enable-libstdcxx-time=yes --with-default-libstdcxx-abi=new --enable-gnu-unique-object --disable-vtable-verify --enable-libmpx --enable-plugin --with-system-zlib --disable-browser-plugin --enable-java-awt=gtk --enable-gtk-cairo --with-java-home=/usr/lib/jvm/java-1.5.0-gcj-5-amd64/jre --enable-java-home --with-jvm-root-dir=/usr/lib/jvm/java-1.5.0-gcj-5-amd64 --with-jvm-jar-dir=/usr/lib/jvm-exports/java-1.5.0-gcj-5-amd64 --with-arch-directory=amd64 --with-ecj-jar=/usr/share/java/eclipse-ecj.jar --enable-objc-gc --enable-multiarch --disable-werror --with-arch-32=i686 --with-abi=m64 --with-multilib-list=m32,m64,mx32 --enable-multilib --with-tune=generic --enable-checking=release --build=x86_64-linux-gnu --host=x86_64-linux-gnu --target=x86_64-linux-gnu
Thread model: posix
gcc version 5.4.0 20160609 (Ubuntu 5.4.0-6ubuntu1~16.04.11) 
COMPILER_PATH=/usr/lib/gcc/x86_64-linux-gnu/5/:/usr/lib/gcc/x86_64-linux-gnu/5/:/usr/lib/gcc/x86_64-linux-gnu/:/usr/lib/gcc/x86_64-linux-gnu/5/:/usr/lib/gcc/x86_64-linux-gnu/
LIBRARY_PATH=/usr/lib/gcc/x86_64-linux-gnu/5/:/usr/lib/gcc/x86_64-linux-gnu/5/../../../x86_64-linux-gnu/:/usr/lib/gcc/x86_64-linux-gnu/5/../../../../lib/:/lib/x86_64-linux-gnu/:/lib/../lib/:/usr/lib/x86_64-linux-gnu/:/usr/lib/../lib/:/usr/lib/gcc/x86_64-linux-gnu/5/../../../:/lib/:/usr/lib/
COLLECT_GCC_OPTIONS='-v' '-o' 'cmTC_35a28' '-rdynamic' '-shared-libgcc' '-mtune=generic' '-march=x86-64'
 /usr/lib/gcc/x86_64-linux-gnu/5/collect2 -plugin /usr/lib/gcc/x86_64-linux-gnu/5/liblto_plugin.so -plugin-opt=/usr/lib/gcc/x86_64-linux-gnu/5/lto-wrapper -plugin-opt=-fresolution=/tmp/cc7dt2Bk.res -plugin-opt=-pass-through=-lgcc_s -plugin-opt=-pass-through=-lgcc -plugin-opt=-pass-through=-lc -plugin-opt=-pass-through=-lgcc_s -plugin-opt=-pass-through=-lgcc --sysroot=/ --build-id --eh-frame-hdr -m elf_x86_64 --hash-style=gnu --as-needed -export-dynamic -dynamic-linker /lib64/ld-linux-x86-64.so.2 -z relro -o cmTC_35a28 /usr/lib/gcc/x86_64-linux-gnu/5/../../../x86_64-linux-gnu/crt1.o /usr/lib/gcc/x86_64-linux-gnu/5/../../../x86_64-linux-gnu/crti.o /usr/lib/gcc/x86_64-linux-gnu/5/crtbegin.o -L/usr/lib/gcc/x86_64-linux-gnu/5 -L/usr/lib/gcc/x86_64-linux-gnu/5/../../../x86_64-linux-gnu -L/usr/lib/gcc/x86_64-linux-gnu/5/../../../../lib -L/lib/x86_64-linux-gnu -L/lib/../lib -L/usr/lib/x86_64-linux-gnu -L/usr/lib/../lib -L/usr/lib/gcc/x86_64-linux-gnu/5/../../.. CMakeFiles/cmTC_35a28.dir/CMakeCXXCompilerABI.cpp.o -lstdc++ -lm -lgcc_s -lgcc -lc -lgcc_s -lgcc /usr/lib/gcc/x86_64-linux-gnu/5/crtend.o /usr/lib/gcc/x86_64-linux-gnu/5/../../../x86_64-linux-gnu/crtn.o
make[1]: Leaving directory '/home/hp/Desktop/Swap_face/dlib-19.17/build/temp.linux-x86_64-3.6/CMakeFiles/CMakeTmp'


Parsed CXX implicit link information from above output:
  link line regex: [^( *|.*[/\])(ld|([^/\]+-)?ld|collect2)[^/\]*( |$)]
  ignore line: [Change Dir: /home/hp/Desktop/Swap_face/dlib-19.17/build/temp.linux-x86_64-3.6/CMakeFiles/CMakeTmp]
  ignore line: []
  ignore line: [Run Build Command:"/usr/bin/make" "cmTC_35a28/fast"]
  ignore line: [/usr/bin/make -f CMakeFiles/cmTC_35a28.dir/build.make CMakeFiles/cmTC_35a28.dir/build]
  ignore line: [make[1]: Entering directory '/home/hp/Desktop/Swap_face/dlib-19.17/build/temp.linux-x86_64-3.6/CMakeFiles/CMakeTmp']
  ignore line: [Building CXX object CMakeFiles/cmTC_35a28.dir/CMakeCXXCompilerABI.cpp.o]
  ignore line: [/usr/bin/c++      -o CMakeFiles/cmTC_35a28.dir/CMakeCXXCompilerABI.cpp.o -c /usr/share/cmake-3.5/Modules/CMakeCXXCompilerABI.cpp]
  ignore line: [Linking CXX executable cmTC_35a28]
  ignore line: [/usr/bin/cmake -E cmake_link_script CMakeFiles/cmTC_35a28.dir/link.txt --verbose=1]
  ignore line: [/usr/bin/c++       -v CMakeFiles/cmTC_35a28.dir/CMakeCXXCompilerABI.cpp.o  -o cmTC_35a28 -rdynamic  ]
  ignore line: [Using built-in specs.]
  ignore line: [COLLECT_GCC=/usr/bin/c++]
  ignore line: [COLLECT_LTO_WRAPPER=/usr/lib/gcc/x86_64-linux-gnu/5/lto-wrapper]
  ignore line: [Target: x86_64-linux-gnu]
  ignore line: [Configured with: ../src/configure -v --with-pkgversion='Ubuntu 5.4.0-6ubuntu1~16.04.11' --with-bugurl=file:///usr/share/doc/gcc-5/README.Bugs --enable-languages=c,ada,c++,java,go,d,fortran,objc,obj-c++ --prefix=/usr --program-suffix=-5 --enable-shared --enable-linker-build-id --libexecdir=/usr/lib --without-included-gettext --enable-threads=posix --libdir=/usr/lib --enable-nls --with-sysroot=/ --enable-clocale=gnu --enable-libstdcxx-debug --enable-libstdcxx-time=yes --with-default-libstdcxx-abi=new --enable-gnu-unique-object --disable-vtable-verify --enable-libmpx --enable-plugin --with-system-zlib --disable-browser-plugin --enable-java-awt=gtk --enable-gtk-cairo --with-java-home=/usr/lib/jvm/java-1.5.0-gcj-5-amd64/jre --enable-java-home --with-jvm-root-dir=/usr/lib/jvm/java-1.5.0-gcj-5-amd64 --with-jvm-jar-dir=/usr/lib/jvm-exports/java-1.5.0-gcj-5-amd64 --with-arch-directory=amd64 --with-ecj-jar=/usr/share/java/eclipse-ecj.jar --enable-objc-gc --enable-multiarch --disable-werror --with-arch-32=i686 --with-abi=m64 --with-multilib-list=m32,m64,mx32 --enable-multilib --with-tune=generic --enable-checking=release --build=x86_64-linux-gnu --host=x86_64-linux-gnu --target=x86_64-linux-gnu]
  ignore line: [Thread model: posix]
  ignore line: [gcc version 5.4.0 20160609 (Ubuntu 5.4.0-6ubuntu1~16.04.11) ]
  ignore line: [COMPILER_PATH=/usr/lib/gcc/x86_64-linux-gnu/5/:/usr/lib/gcc/x86_64-linux-gnu/5/:/usr/lib/gcc/x86_64-linux-gnu/:/usr/lib/gcc/x86_64-linux-gnu/5/:/usr/lib/gcc/x86_64-linux-gnu/]
  ignore line: [LIBRARY_PATH=/usr/lib/gcc/x86_64-linux-gnu/5/:/usr/lib/gcc/x86_64-linux-gnu/5/../../../x86_64-linux-gnu/:/usr/lib/gcc/x86_64-linux-gnu/5/../../../../lib/:/lib/x86_64-linux-gnu/:/lib/../lib/:/usr/lib/x86_64-linux-gnu/:/usr/lib/../lib/:/usr/lib/gcc/x86_64-linux-gnu/5/../../../:/lib/:/usr/lib/]
  ignore line: [COLLECT_GCC_OPTIONS='-v' '-o' 'cmTC_35a28' '-rdynamic' '-shared-libgcc' '-mtune=generic' '-march=x86-64']
  link line: [ /usr/lib/gcc/x86_64-linux-gnu/5/collect2 -plugin /usr/lib/gcc/x86_64-linux-gnu/5/liblto_plugin.so -plugin-opt=/usr/lib/gcc/x86_64-linux-gnu/5/lto-wrapper -plugin-opt=-fresolution=/tmp/cc7dt2Bk.res -plugin-opt=-pass-through=-lgcc_s -plugin-opt=-pass-through=-lgcc -plugin-opt=-pass-through=-lc -plugin-opt=-pass-through=-lgcc_s -plugin-opt=-pass-through=-lgcc --sysroot=/ --build-id --eh-frame-hdr -m elf_x86_64 --hash-style=gnu --as-needed -export-dynamic -dynamic-linker /lib64/ld-linux-x86-64.so.2 -z relro -o cmTC_35a28 /usr/lib/gcc/x86_64-linux-gnu/5/../../../x86_64-linux-gnu/crt1.o /usr/lib/gcc/x86_64-linux-gnu/5/../../../x86_64-linux-gnu/crti.o /usr/lib/gcc/x86_64-linux-gnu/5/crtbegin.o -L/usr/lib/gcc/x86_64-linux-gnu/5 -L/usr/lib/gcc/x86_64-linux-gnu/5/../../../x86_64-linux-gnu -L/usr/lib/gcc/x86_64-linux-gnu/5/../../../../lib -L/lib/x86_64-linux-gnu -L/lib/../lib -L/usr/lib/x86_64-linux-gnu -L/usr/lib/../lib -L/usr/lib/gcc/x86_64-linux-gnu/5/../../.. CMakeFiles/cmTC_35a28.dir/CMakeCXXCompilerABI.cpp.o -lstdc++ -lm -lgcc_s -lgcc -lc -lgcc_s -lgcc /usr/lib/gcc/x86_64-linux-gnu/5/crtend.o /usr/lib/gcc/x86_64-linux-gnu/5/../../../x86_64-linux-gnu/crtn.o]
    arg [/usr/lib/gcc/x86_64-linux-gnu/5/collect2] ==> ignore
    arg [-plugin] ==> ignore
    arg [/usr/lib/gcc/x86_64-linux-gnu/5/liblto_plugin.so] ==> ignore
    arg [-plugin-opt=/usr/lib/gcc/x86_64-linux-gnu/5/lto-wrapper] ==> ignore
    arg [-plugin-opt=-fresolution=/tmp/cc7dt2Bk.res] ==> ignore
    arg [-plugin-opt=-pass-through=-lgcc_s] ==> ignore
    arg [-plugin-opt=-pass-through=-lgcc] ==> ignore
    arg [-plugin-opt=-pass-through=-lc] ==> ignore
    arg [-plugin-opt=-pass-through=-lgcc_s] ==> ignore
    arg [-plugin-opt=-pass-through=-lgcc] ==> ignore
    arg [--sysroot=/] ==> ignore
    arg [--build-id] ==> ignore
    arg [--eh-frame-hdr] ==> ignore
    arg [-m] ==> ignore
    arg [elf_x86_64] ==> ignore
    arg [--hash-style=gnu] ==> ignore
    arg [--as-needed] ==> ignore
    arg [-export-dynamic] ==> ignore
    arg [-dynamic-linker] ==> ignore
    arg [/lib64/ld-linux-x86-64.so.2] ==> ignore
    arg [-zrelro] ==> ignore
    arg [-o] ==> ignore
    arg [cmTC_35a28] ==> ignore
    arg [/usr/lib/gcc/x86_64-linux-gnu/5/../../../x86_64-linux-gnu/crt1.o] ==> ignore
    arg [/usr/lib/gcc/x86_64-linux-gnu/5/../../../x86_64-linux-gnu/crti.o] ==> ignore
    arg [/usr/lib/gcc/x86_64-linux-gnu/5/crtbegin.o] ==> ignore
    arg [-L/usr/lib/gcc/x86_64-linux-gnu/5] ==> dir [/usr/lib/gcc/x86_64-linux-gnu/5]
    arg [-L/usr/lib/gcc/x86_64-linux-gnu/5/../../../x86_64-linux-gnu] ==> dir [/usr/lib/gcc/x86_64-linux-gnu/5/../../../x86_64-linux-gnu]
    arg [-L/usr/lib/gcc/x86_64-linux-gnu/5/../../../../lib] ==> dir [/usr/lib/gcc/x86_64-linux-gnu/5/../../../../lib]
    arg [-L/lib/x86_64-linux-gnu] ==> dir [/lib/x86_64-linux-gnu]
    arg [-L/lib/../lib] ==> dir [/lib/../lib]
    arg [-L/usr/lib/x86_64-linux-gnu] ==> dir [/usr/lib/x86_64-linux-gnu]
    arg [-L/usr/lib/../lib] ==> dir [/usr/lib/../lib]
    arg [-L/usr/lib/gcc/x86_64-linux-gnu/5/../../..] ==> dir [/usr/lib/gcc/x86_64-linux-gnu/5/../../..]
    arg [CMakeFiles/cmTC_35a28.dir/CMakeCXXCompilerABI.cpp.o] ==> ignore
    arg [-lstdc++] ==> lib [stdc++]
    arg [-lm] ==> lib [m]
    arg [-lgcc_s] ==> lib [gcc_s]
    arg [-lgcc] ==> lib [gcc]
    arg [-lc] ==> lib [c]
    arg [-lgcc_s] ==> lib [gcc_s]
    arg [-lgcc] ==> lib [gcc]
    arg [/usr/lib/gcc/x86_64-linux-gnu/5/crtend.o] ==> ignore
    arg [/usr/lib/gcc/x86_64-linux-gnu/5/../../../x86_64-linux-gnu/crtn.o] ==> ignore
  remove lib [gcc_s]
  remove lib [gcc]
  remove lib [gcc_s]
  remove lib [gcc]
  collapse library dir [/usr/lib/gcc/x86_64-linux-gnu/5] ==> [/usr/lib/gcc/x86_64-linux-gnu/5]
  collapse library dir [/usr/lib/gcc/x86_64-linux-gnu/5/../../../x86_64-linux-gnu] ==> [/usr/lib/x86_64-linux-gnu]
  collapse library dir [/usr/lib/gcc/x86_64-linux-gnu/5/../../../../lib] ==> [/usr/lib]
  collapse library dir [/lib/x86_64-linux-gnu] ==> [/lib/x86_64-linux-gnu]
  collapse library dir [/lib/../lib] ==> [/lib]
  collapse library dir [/usr/lib/x86_64-linux-gnu] ==> [/usr/lib/x86_64-linux-gnu]
  collapse library dir [/usr/lib/../lib] ==> [/usr/lib]
  collapse library dir [/usr/lib/gcc/x86_64-linux-gnu/5/../../..] ==> [/usr/lib]
  implicit libs: [stdc++;m;c]
  implicit dirs: [/usr/lib/gcc/x86_64-linux-gnu/5;/usr/lib/x86_64-linux-gnu;/usr/lib;/lib/x86_64-linux-gnu;/lib]
  implicit fwks: []




Detecting CXX [-std=c++14] compiler features compiled with the following output:
Change Dir: /home/hp/Desktop/Swap_face/dlib-19.17/build/temp.linux-x86_64-3.6/CMakeFiles/CMakeTmp

Run Build Command:"/usr/bin/make" "cmTC_599be/fast"
/usr/bin/make -f CMakeFiles/cmTC_599be.dir/build.make CMakeFiles/cmTC_599be.dir/build
make[1]: Entering directory '/home/hp/Desktop/Swap_face/dlib-19.17/build/temp.linux-x86_64-3.6/CMakeFiles/CMakeTmp'
Building CXX object CMakeFiles/cmTC_599be.dir/feature_tests.cxx.o
/usr/bin/c++     -std=c++14 -o CMakeFiles/cmTC_599be.dir/feature_tests.cxx.o -c /home/hp/Desktop/Swap_face/dlib-19.17/build/temp.linux-x86_64-3.6/CMakeFiles/feature_tests.cxx
Linking CXX executable cmTC_599be
/usr/bin/cmake -E cmake_link_script CMakeFiles/cmTC_599be.dir/link.txt --verbose=1
/usr/bin/c++        CMakeFiles/cmTC_599be.dir/feature_tests.cxx.o  -o cmTC_599be -rdynamic 
make[1]: Leaving directory '/home/hp/Desktop/Swap_face/dlib-19.17/build/temp.linux-x86_64-3.6/CMakeFiles/CMakeTmp'


    Feature record: CXX_FEATURE:1cxx_aggregate_default_initializers
    Feature record: CXX_FEATURE:1cxx_alias_templates
    Feature record: CXX_FEATURE:1cxx_alignas
    Feature record: CXX_FEATURE:1cxx_alignof
    Feature record: CXX_FEATURE:1cxx_attributes
    Feature record: CXX_FEATURE:1cxx_attribute_deprecated
    Feature record: CXX_FEATURE:1cxx_auto_type
    Feature record: CXX_FEATURE:1cxx_binary_literals
    Feature record: CXX_FEATURE:1cxx_constexpr
    Feature record: CXX_FEATURE:1cxx_contextual_conversions
    Feature record: CXX_FEATURE:1cxx_decltype
    Feature record: CXX_FEATURE:1cxx_decltype_auto
    Feature record: CXX_FEATURE:1cxx_decltype_incomplete_return_types
    Feature record: CXX_FEATURE:1cxx_default_function_template_args
    Feature record: CXX_FEATURE:1cxx_defaulted_functions
    Feature record: CXX_FEATURE:1cxx_defaulted_move_initializers
    Feature record: CXX_FEATURE:1cxx_delegating_constructors
    Feature record: CXX_FEATURE:1cxx_deleted_functions
    Feature record: CXX_FEATURE:1cxx_digit_separators
    Feature record: CXX_FEATURE:1cxx_enum_forward_declarations
    Feature record: CXX_FEATURE:1cxx_explicit_conversions
    Feature record: CXX_FEATURE:1cxx_extended_friend_declarations
    Feature record: CXX_FEATURE:1cxx_extern_templates
    Feature record: CXX_FEATURE:1cxx_final
    Feature record: CXX_FEATURE:1cxx_func_identifier
    Feature record: CXX_FEATURE:1cxx_generalized_initializers
    Feature record: CXX_FEATURE:1cxx_generic_lambdas
    Feature record: CXX_FEATURE:1cxx_inheriting_constructors
    Feature record: CXX_FEATURE:1cxx_inline_namespaces
    Feature record: CXX_FEATURE:1cxx_lambdas
    Feature record: CXX_FEATURE:1cxx_lambda_init_captures
    Feature record: CXX_FEATURE:1cxx_local_type_template_args
    Feature record: CXX_FEATURE:1cxx_long_long_type
    Feature record: CXX_FEATURE:1cxx_noexcept
    Feature record: CXX_FEATURE:1cxx_nonstatic_member_init
    Feature record: CXX_FEATURE:1cxx_nullptr
    Feature record: CXX_FEATURE:1cxx_override
    Feature record: CXX_FEATURE:1cxx_range_for
    Feature record: CXX_FEATURE:1cxx_raw_string_literals
    Feature record: CXX_FEATURE:1cxx_reference_qualified_functions
    Feature record: CXX_FEATURE:1cxx_relaxed_constexpr
    Feature record: CXX_FEATURE:1cxx_return_type_deduction
    Feature record: CXX_FEATURE:1cxx_right_angle_brackets
    Feature record: CXX_FEATURE:1cxx_rvalue_references
    Feature record: CXX_FEATURE:1cxx_sizeof_member
    Feature record: CXX_FEATURE:1cxx_static_assert
    Feature record: CXX_FEATURE:1cxx_strong_enums
    Feature record: CXX_FEATURE:1cxx_template_template_parameters
    Feature record: CXX_FEATURE:1cxx_thread_local
    Feature record: CXX_FEATURE:1cxx_trailing_return_types
    Feature record: CXX_FEATURE:1cxx_unicode_literals
    Feature record: CXX_FEATURE:1cxx_uniform_initialization
    Feature record: CXX_FEATURE:1cxx_unrestricted_unions
    Feature record: CXX_FEATURE:1cxx_user_literals
    Feature record: CXX_FEATURE:1cxx_variable_templates
    Feature record: CXX_FEATURE:1cxx_variadic_macros
    Feature record: CXX_FEATURE:1cxx_variadic_templates


Detecting CXX [-std=c++11] compiler features compiled with the following output:
Change Dir: /home/hp/Desktop/Swap_face/dlib-19.17/build/temp.linux-x86_64-3.6/CMakeFiles/CMakeTmp

Run Build Command:"/usr/bin/make" "cmTC_96b67/fast"
/usr/bin/make -f CMakeFiles/cmTC_96b67.dir/build.make CMakeFiles/cmTC_96b67.dir/build
make[1]: Entering directory '/home/hp/Desktop/Swap_face/dlib-19.17/build/temp.linux-x86_64-3.6/CMakeFiles/CMakeTmp'
Building CXX object CMakeFiles/cmTC_96b67.dir/feature_tests.cxx.o
/usr/bin/c++     -std=c++11 -o CMakeFiles/cmTC_96b67.dir/feature_tests.cxx.o -c /home/hp/Desktop/Swap_face/dlib-19.17/build/temp.linux-x86_64-3.6/CMakeFiles/feature_tests.cxx
Linking CXX executable cmTC_96b67
/usr/bin/cmake -E cmake_link_script CMakeFiles/cmTC_96b67.dir/link.txt --verbose=1
/usr/bin/c++        CMakeFiles/cmTC_96b67.dir/feature_tests.cxx.o  -o cmTC_96b67 -rdynamic 
make[1]: Leaving directory '/home/hp/Desktop/Swap_face/dlib-19.17/build/temp.linux-x86_64-3.6/CMakeFiles/CMakeTmp'


    Feature record: CXX_FEATURE:0cxx_aggregate_default_initializers
    Feature record: CXX_FEATURE:1cxx_alias_templates
    Feature record: CXX_FEATURE:1cxx_alignas
    Feature record: CXX_FEATURE:1cxx_alignof
    Feature record: CXX_FEATURE:1cxx_attributes
    Feature record: CXX_FEATURE:0cxx_attribute_deprecated
    Feature record: CXX_FEATURE:1cxx_auto_type
    Feature record: CXX_FEATURE:0cxx_binary_literals
    Feature record: CXX_FEATURE:1cxx_constexpr
    Feature record: CXX_FEATURE:0cxx_contextual_conversions
    Feature record: CXX_FEATURE:1cxx_decltype
    Feature record: CXX_FEATURE:0cxx_decltype_auto
    Feature record: CXX_FEATURE:1cxx_decltype_incomplete_return_types
    Feature record: CXX_FEATURE:1cxx_default_function_template_args
    Feature record: CXX_FEATURE:1cxx_defaulted_functions
    Feature record: CXX_FEATURE:1cxx_defaulted_move_initializers
    Feature record: CXX_FEATURE:1cxx_delegating_constructors
    Feature record: CXX_FEATURE:1cxx_deleted_functions
    Feature record: CXX_FEATURE:0cxx_digit_separators
    Feature record: CXX_FEATURE:1cxx_enum_forward_declarations
    Feature record: CXX_FEATURE:1cxx_explicit_conversions
    Feature record: CXX_FEATURE:1cxx_extended_friend_declarations
    Feature record: CXX_FEATURE:1cxx_extern_templates
    Feature record: CXX_FEATURE:1cxx_final
    Feature record: CXX_FEATURE:1cxx_func_identifier
    Feature record: CXX_FEATURE:1cxx_generalized_initializers
    Feature record: CXX_FEATURE:0cxx_generic_lambdas
    Feature record: CXX_FEATURE:1cxx_inheriting_constructors
    Feature record: CXX_FEATURE:1cxx_inline_namespaces
    Feature record: CXX_FEATURE:1cxx_lambdas
    Feature record: CXX_FEATURE:0cxx_lambda_init_captures
    Feature record: CXX_FEATURE:1cxx_local_type_template_args
    Feature record: CXX_FEATURE:1cxx_long_long_type
    Feature record: CXX_FEATURE:1cxx_noexcept
    Feature record: CXX_FEATURE:1cxx_nonstatic_member_init
    Feature record: CXX_FEATURE:1cxx_nullptr
    Feature record: CXX_FEATURE:1cxx_override
    Feature record: CXX_FEATURE:1cxx_range_for
    Feature record: CXX_FEATURE:1cxx_raw_string_literals
    Feature record: CXX_FEATURE:1cxx_reference_qualified_functions
    Feature record: CXX_FEATURE:0cxx_relaxed_constexpr
    Feature record: CXX_FEATURE:0cxx_return_type_deduction
    Feature record: CXX_FEATURE:1cxx_right_angle_brackets
    Feature record: CXX_FEATURE:1cxx_rvalue_references
    Feature record: CXX_FEATURE:1cxx_sizeof_member
    Feature record: CXX_FEATURE:1cxx_static_assert
    Feature record: CXX_FEATURE:1cxx_strong_enums
    Feature record: CXX_FEATURE:1cxx_template_template_parameters
    Feature record: CXX_FEATURE:1cxx_thread_local
    Feature record: CXX_FEATURE:1cxx_trailing_return_types
    Feature record: CXX_FEATURE:1cxx_unicode_literals
    Feature record: CXX_FEATURE:1cxx_uniform_initialization
    Feature record: CXX_FEATURE:1cxx_unrestricted_unions
    Feature record: CXX_FEATURE:1cxx_user_literals
    Feature record: CXX_FEATURE:0cxx_variable_templates
    Feature record: CXX_FEATURE:1cxx_variadic_macros
    Feature record: CXX_FEATURE:1cxx_variadic_templates


Detecting CXX [-std=c++98] compiler features compiled with the following output:
Change Dir: /home/hp/Desktop/Swap_face/dlib-19.17/build/temp.linux-x86_64-3.6/CMakeFiles/CMakeTmp

Run Build Command:"/usr/bin/make" "cmTC_34f35/fast"
/usr/bin/make -f CMakeFiles/cmTC_34f35.dir/build.make CMakeFiles/cmTC_34f35.dir/build
make[1]: Entering directory '/home/hp/Desktop/Swap_face/dlib-19.17/build/temp.linux-x86_64-3.6/CMakeFiles/CMakeTmp'
Building CXX object CMakeFiles/cmTC_34f35.dir/feature_tests.cxx.o
/usr/bin/c++     -std=c++98 -o CMakeFiles/cmTC_34f35.dir/feature_tests.cxx.o -c /home/hp/Desktop/Swap_face/dlib-19.17/build/temp.linux-x86_64-3.6/CMakeFiles/feature_tests.cxx
Linking CXX executable cmTC_34f35
/usr/bin/cmake -E cmake_link_script CMakeFiles/cmTC_34f35.dir/link.txt --verbose=1
/usr/bin/c++        CMakeFiles/cmTC_34f35.dir/feature_tests.cxx.o  -o cmTC_34f35 -rdynamic 
make[1]: Leaving directory '/home/hp/Desktop/Swap_face/dlib-19.17/build/temp.linux-x86_64-3.6/CMakeFiles/CMakeTmp'


    Feature record: CXX_FEATURE:0cxx_aggregate_default_initializers
    Feature record: CXX_FEATURE:0cxx_alias_templates
    Feature record: CXX_FEATURE:0cxx_alignas
    Feature record: CXX_FEATURE:0cxx_alignof
    Feature record: CXX_FEATURE:0cxx_attributes
    Feature record: CXX_FEATURE:0cxx_attribute_deprecated
    Feature record: CXX_FEATURE:0cxx_auto_type
    Feature record: CXX_FEATURE:0cxx_binary_literals
    Feature record: CXX_FEATURE:0cxx_constexpr
    Feature record: CXX_FEATURE:0cxx_contextual_conversions
    Feature record: CXX_FEATURE:0cxx_decltype
    Feature record: CXX_FEATURE:0cxx_decltype_auto
    Feature record: CXX_FEATURE:0cxx_decltype_incomplete_return_types
    Feature record: CXX_FEATURE:0cxx_default_function_template_args
    Feature record: CXX_FEATURE:0cxx_defaulted_functions
    Feature record: CXX_FEATURE:0cxx_defaulted_move_initializers
    Feature record: CXX_FEATURE:0cxx_delegating_constructors
    Feature record: CXX_FEATURE:0cxx_deleted_functions
    Feature record: CXX_FEATURE:0cxx_digit_separators
    Feature record: CXX_FEATURE:0cxx_enum_forward_declarations
    Feature record: CXX_FEATURE:0cxx_explicit_conversions
    Feature record: CXX_FEATURE:0cxx_extended_friend_declarations
    Feature record: CXX_FEATURE:0cxx_extern_templates
    Feature record: CXX_FEATURE:0cxx_final
    Feature record: CXX_FEATURE:0cxx_func_identifier
    Feature record: CXX_FEATURE:0cxx_generalized_initializers
    Feature record: CXX_FEATURE:0cxx_generic_lambdas
    Feature record: CXX_FEATURE:0cxx_inheriting_constructors
    Feature record: CXX_FEATURE:0cxx_inline_namespaces
    Feature record: CXX_FEATURE:0cxx_lambdas
    Feature record: CXX_FEATURE:0cxx_lambda_init_captures
    Feature record: CXX_FEATURE:0cxx_local_type_template_args
    Feature record: CXX_FEATURE:0cxx_long_long_type
    Feature record: CXX_FEATURE:0cxx_noexcept
    Feature record: CXX_FEATURE:0cxx_nonstatic_member_init
    Feature record: CXX_FEATURE:0cxx_nullptr
    Feature record: CXX_FEATURE:0cxx_override
    Feature record: CXX_FEATURE:0cxx_range_for
    Feature record: CXX_FEATURE:0cxx_raw_string_literals
    Feature record: CXX_FEATURE:0cxx_reference_qualified_functions
    Feature record: CXX_FEATURE:0cxx_relaxed_constexpr
    Feature record: CXX_FEATURE:0cxx_return_type_deduction
    Feature record: CXX_FEATURE:0cxx_right_angle_brackets
    Feature record: CXX_FEATURE:0cxx_rvalue_references
    Feature record: CXX_FEATURE:0cxx_sizeof_member
    Feature record: CXX_FEATURE:0cxx_static_assert
    Feature record: CXX_FEATURE:0cxx_strong_enums
    Feature record: CXX_FEATURE:1cxx_template_template_parameters
    Feature record: CXX_FEATURE:0cxx_thread_local
    Feature record: CXX_FEATURE:0cxx_trailing_return_types
    Feature record: CXX_FEATURE:0cxx_unicode_literals
    Feature record: CXX_FEATURE:0cxx_uniform_initialization
    Feature record: CXX_FEATURE:0cxx_unrestricted_unions
    Feature record: CXX_FEATURE:0cxx_user_literals
    Feature record: CXX_FEATURE:0cxx_variable_templates
    Feature record: CXX_FEATURE:0cxx_variadic_macros
    Feature record: CXX_FEATURE:0cxx_variadic_templates
Performing C++ SOURCE FILE Test HAS_CPP14_FLAG succeeded with the following output:
Change Dir: /home/hp/Desktop/Swap_face/dlib-19.17/build/temp.linux-x86_64-3.6/CMakeFiles/CMakeTmp

Run Build Command:"/usr/bin/make" "cmTC_4011c/fast"
/usr/bin/make -f CMakeFiles/cmTC_4011c.dir/build.make CMakeFiles/cmTC_4011c.dir/build
make[1]: Entering directory '/home/hp/Desktop/Swap_face/dlib-19.17/build/temp.linux-x86_64-3.6/CMakeFiles/CMakeTmp'
Building CXX object CMakeFiles/cmTC_4011c.dir/src.cxx.o
/usr/bin/c++     -DHAS_CPP14_FLAG   -std=c++14 -o CMakeFiles/cmTC_4011c.dir/src.cxx.o -c /home/hp/Desktop/Swap_face/dlib-19.17/build/temp.linux-x86_64-3.6/CMakeFiles/CMakeTmp/src.cxx
Linking CXX executable cmTC_4011c
/usr/bin/cmake -E cmake_link_script CMakeFiles/cmTC_4011c.dir/link.txt --verbose=1
/usr/bin/c++    -DHAS_CPP14_FLAG    CMakeFiles/cmTC_4011c.dir/src.cxx.o  -o cmTC_4011c -rdynamic 
make[1]: Leaving directory '/home/hp/Desktop/Swap_face/dlib-19.17/build/temp.linux-x86_64-3.6/CMakeFiles/CMakeTmp'

Source file was:
int main() { return 0; }
Determining if the include file pthread.h exists passed with the following output:
Change Dir: /home/hp/Desktop/Swap_face/dlib-19.17/build/temp.linux-x86_64-3.6/CMakeFiles/CMakeTmp

Run Build Command:"/usr/bin/make" "cmTC_294b5/fast"
/usr/bin/make -f CMakeFiles/cmTC_294b5.dir/build.make CMakeFiles/cmTC_294b5.dir/build
make[1]: Entering directory '/home/hp/Desktop/Swap_face/dlib-19.17/build/temp.linux-x86_64-3.6/CMakeFiles/CMakeTmp'
Building C object CMakeFiles/cmTC_294b5.dir/CheckIncludeFile.c.o
/usr/bin/cc    -fPIE   -o CMakeFiles/cmTC_294b5.dir/CheckIncludeFile.c.o   -c /home/hp/Desktop/Swap_face/dlib-19.17/build/temp.linux-x86_64-3.6/CMakeFiles/CMakeTmp/CheckIncludeFile.c
Linking C executable cmTC_294b5
/usr/bin/cmake -E cmake_link_script CMakeFiles/cmTC_294b5.dir/link.txt --verbose=1
/usr/bin/cc       CMakeFiles/cmTC_294b5.dir/CheckIncludeFile.c.o  -o cmTC_294b5 -rdynamic 
make[1]: Leaving directory '/home/hp/Desktop/Swap_face/dlib-19.17/build/temp.linux-x86_64-3.6/CMakeFiles/CMakeTmp'


Determining if the function pthread_create exists in the pthread passed with the following output:
Change Dir: /home/hp/Desktop/Swap_face/dlib-19.17/build/temp.linux-x86_64-3.6/CMakeFiles/CMakeTmp

Run Build Command:"/usr/bin/make" "cmTC_41f0d/fast"
/usr/bin/make -f CMakeFiles/cmTC_41f0d.dir/build.make CMakeFiles/cmTC_41f0d.dir/build
make[1]: Entering directory '/home/hp/Desktop/Swap_face/dlib-19.17/build/temp.linux-x86_64-3.6/CMakeFiles/CMakeTmp'
Building C object CMakeFiles/cmTC_41f0d.dir/CheckFunctionExists.c.o
/usr/bin/cc    -DCHECK_FUNCTION_EXISTS=pthread_create -fPIE   -o CMakeFiles/cmTC_41f0d.dir/CheckFunctionExists.c.o   -c /usr/share/cmake-3.5/Modules/CheckFunctionExists.c
Linking C executable cmTC_41f0d
/usr/bin/cmake -E cmake_link_script CMakeFiles/cmTC_41f0d.dir/link.txt --verbose=1
/usr/bin/cc   -DCHECK_FUNCTION_EXISTS=pthread_create    CMakeFiles/cmTC_41f0d.dir/CheckFunctionExists.c.o  -o cmTC_41f0d -rdynamic -lpthread 
make[1]: Leaving directory '/home/hp/Desktop/Swap_face/dlib-19.17/build/temp.linux-x86_64-3.6/CMakeFiles/CMakeTmp'


Determining if the function XOpenDisplay exists in the /usr/lib/x86_64-linux-gnu/libX11.so;/usr/lib/x86_64-linux-gnu/libXext.so passed with the following output:
Change Dir: /home/hp/Desktop/Swap_face/dlib-19.17/build/temp.linux-x86_64-3.6/CMakeFiles/CMakeTmp

Run Build Command:"/usr/bin/make" "cmTC_2c53f/fast"
/usr/bin/make -f CMakeFiles/cmTC_2c53f.dir/build.make CMakeFiles/cmTC_2c53f.dir/build
make[1]: Entering directory '/home/hp/Desktop/Swap_face/dlib-19.17/build/temp.linux-x86_64-3.6/CMakeFiles/CMakeTmp'
Building C object CMakeFiles/cmTC_2c53f.dir/CheckFunctionExists.c.o
/usr/bin/cc    -DCHECK_FUNCTION_EXISTS=XOpenDisplay -fPIE   -o CMakeFiles/cmTC_2c53f.dir/CheckFunctionExists.c.o   -c /usr/share/cmake-3.5/Modules/CheckFunctionExists.c
Linking C executable cmTC_2c53f
/usr/bin/cmake -E cmake_link_script CMakeFiles/cmTC_2c53f.dir/link.txt --verbose=1
/usr/bin/cc   -DCHECK_FUNCTION_EXISTS=XOpenDisplay    CMakeFiles/cmTC_2c53f.dir/CheckFunctionExists.c.o  -o cmTC_2c53f -rdynamic /usr/lib/x86_64-linux-gnu/libX11.so /usr/lib/x86_64-linux-gnu/libXext.so 
make[1]: Leaving directory '/home/hp/Desktop/Swap_face/dlib-19.17/build/temp.linux-x86_64-3.6/CMakeFiles/CMakeTmp'


Determining if the function gethostbyname exists passed with the following output:
Change Dir: /home/hp/Desktop/Swap_face/dlib-19.17/build/temp.linux-x86_64-3.6/CMakeFiles/CMakeTmp

Run Build Command:"/usr/bin/make" "cmTC_6886e/fast"
/usr/bin/make -f CMakeFiles/cmTC_6886e.dir/build.make CMakeFiles/cmTC_6886e.dir/build
make[1]: Entering directory '/home/hp/Desktop/Swap_face/dlib-19.17/build/temp.linux-x86_64-3.6/CMakeFiles/CMakeTmp'
Building C object CMakeFiles/cmTC_6886e.dir/CheckFunctionExists.c.o
/usr/bin/cc    -DCHECK_FUNCTION_EXISTS=gethostbyname -fPIE   -o CMakeFiles/cmTC_6886e.dir/CheckFunctionExists.c.o   -c /usr/share/cmake-3.5/Modules/CheckFunctionExists.c
Linking C executable cmTC_6886e
/usr/bin/cmake -E cmake_link_script CMakeFiles/cmTC_6886e.dir/link.txt --verbose=1
/usr/bin/cc   -DCHECK_FUNCTION_EXISTS=gethostbyname    CMakeFiles/cmTC_6886e.dir/CheckFunctionExists.c.o  -o cmTC_6886e -rdynamic 
make[1]: Leaving directory '/home/hp/Desktop/Swap_face/dlib-19.17/build/temp.linux-x86_64-3.6/CMakeFiles/CMakeTmp'


Determining if the function connect exists passed with the following output:
Change Dir: /home/hp/Desktop/Swap_face/dlib-19.17/build/temp.linux-x86_64-3.6/CMakeFiles/CMakeTmp

Run Build Command:"/usr/bin/make" "cmTC_b3e24/fast"
/usr/bin/make -f CMakeFiles/cmTC_b3e24.dir/build.make CMakeFiles/cmTC_b3e24.dir/build
make[1]: Entering directory '/home/hp/Desktop/Swap_face/dlib-19.17/build/temp.linux-x86_64-3.6/CMakeFiles/CMakeTmp'
Building C object CMakeFiles/cmTC_b3e24.dir/CheckFunctionExists.c.o
/usr/bin/cc    -DCHECK_FUNCTION_EXISTS=connect -fPIE   -o CMakeFiles/cmTC_b3e24.dir/CheckFunctionExists.c.o   -c /usr/share/cmake-3.5/Modules/CheckFunctionExists.c
Linking C executable cmTC_b3e24
/usr/bin/cmake -E cmake_link_script CMakeFiles/cmTC_b3e24.dir/link.txt --verbose=1
/usr/bin/cc   -DCHECK_FUNCTION_EXISTS=connect    CMakeFiles/cmTC_b3e24.dir/CheckFunctionExists.c.o  -o cmTC_b3e24 -rdynamic 
make[1]: Leaving directory '/home/hp/Desktop/Swap_face/dlib-19.17/build/temp.linux-x86_64-3.6/CMakeFiles/CMakeTmp'


Determining if the function remove exists passed with the following output:
Change Dir: /home/hp/Desktop/Swap_face/dlib-19.17/build/temp.linux-x86_64-3.6/CMakeFiles/CMakeTmp

Run Build Command:"/usr/bin/make" "cmTC_387c7/fast"
/usr/bin/make -f CMakeFiles/cmTC_387c7.dir/build.make CMakeFiles/cmTC_387c7.dir/build
make[1]: Entering directory '/home/hp/Desktop/Swap_face/dlib-19.17/build/temp.linux-x86_64-3.6/CMakeFiles/CMakeTmp'
Building C object CMakeFiles/cmTC_387c7.dir/CheckFunctionExists.c.o
/usr/bin/cc    -DCHECK_FUNCTION_EXISTS=remove -fPIE   -o CMakeFiles/cmTC_387c7.dir/CheckFunctionExists.c.o   -c /usr/share/cmake-3.5/Modules/CheckFunctionExists.c
Linking C executable cmTC_387c7
/usr/bin/cmake -E cmake_link_script CMakeFiles/cmTC_387c7.dir/link.txt --verbose=1
/usr/bin/cc   -DCHECK_FUNCTION_EXISTS=remove    CMakeFiles/cmTC_387c7.dir/CheckFunctionExists.c.o  -o cmTC_387c7 -rdynamic 
make[1]: Leaving directory '/home/hp/Desktop/Swap_face/dlib-19.17/build/temp.linux-x86_64-3.6/CMakeFiles/CMakeTmp'


Determining if the function shmat exists passed with the following output:
Change Dir: /home/hp/Desktop/Swap_face/dlib-19.17/build/temp.linux-x86_64-3.6/CMakeFiles/CMakeTmp

Run Build Command:"/usr/bin/make" "cmTC_0e18c/fast"
/usr/bin/make -f CMakeFiles/cmTC_0e18c.dir/build.make CMakeFiles/cmTC_0e18c.dir/build
make[1]: Entering directory '/home/hp/Desktop/Swap_face/dlib-19.17/build/temp.linux-x86_64-3.6/CMakeFiles/CMakeTmp'
Building C object CMakeFiles/cmTC_0e18c.dir/CheckFunctionExists.c.o
/usr/bin/cc    -DCHECK_FUNCTION_EXISTS=shmat -fPIE   -o CMakeFiles/cmTC_0e18c.dir/CheckFunctionExists.c.o   -c /usr/share/cmake-3.5/Modules/CheckFunctionExists.c
Linking C executable cmTC_0e18c
/usr/bin/cmake -E cmake_link_script CMakeFiles/cmTC_0e18c.dir/link.txt --verbose=1
/usr/bin/cc   -DCHECK_FUNCTION_EXISTS=shmat    CMakeFiles/cmTC_0e18c.dir/CheckFunctionExists.c.o  -o cmTC_0e18c -rdynamic 
make[1]: Leaving directory '/home/hp/Desktop/Swap_face/dlib-19.17/build/temp.linux-x86_64-3.6/CMakeFiles/CMakeTmp'


Determining if the function IceConnectionNumber exists in the ICE passed with the following output:
Change Dir: /home/hp/Desktop/Swap_face/dlib-19.17/build/temp.linux-x86_64-3.6/CMakeFiles/CMakeTmp

Run Build Command:"/usr/bin/make" "cmTC_0b3d5/fast"
/usr/bin/make -f CMakeFiles/cmTC_0b3d5.dir/build.make CMakeFiles/cmTC_0b3d5.dir/build
make[1]: Entering directory '/home/hp/Desktop/Swap_face/dlib-19.17/build/temp.linux-x86_64-3.6/CMakeFiles/CMakeTmp'
Building C object CMakeFiles/cmTC_0b3d5.dir/CheckFunctionExists.c.o
/usr/bin/cc    -DCHECK_FUNCTION_EXISTS=IceConnectionNumber -fPIE   -o CMakeFiles/cmTC_0b3d5.dir/CheckFunctionExists.c.o   -c /usr/share/cmake-3.5/Modules/CheckFunctionExists.c
Linking C executable cmTC_0b3d5
/usr/bin/cmake -E cmake_link_script CMakeFiles/cmTC_0b3d5.dir/link.txt --verbose=1
/usr/bin/cc   -DCHECK_FUNCTION_EXISTS=IceConnectionNumber    CMakeFiles/cmTC_0b3d5.dir/CheckFunctionExists.c.o  -o cmTC_0b3d5 -rdynamic -lICE 
make[1]: Leaving directory '/home/hp/Desktop/Swap_face/dlib-19.17/build/temp.linux-x86_64-3.6/CMakeFiles/CMakeTmp'


Performing C SOURCE FILE Test GIF_GifFileType_UserData succeeded with the following output:
Change Dir: /home/hp/Desktop/Swap_face/dlib-19.17/build/temp.linux-x86_64-3.6/CMakeFiles/CMakeTmp

Run Build Command:"/usr/bin/make" "cmTC_56e85/fast"
/usr/bin/make -f CMakeFiles/cmTC_56e85.dir/build.make CMakeFiles/cmTC_56e85.dir/build
make[1]: Entering directory '/home/hp/Desktop/Swap_face/dlib-19.17/build/temp.linux-x86_64-3.6/CMakeFiles/CMakeTmp'
Building C object CMakeFiles/cmTC_56e85.dir/src.c.o
/usr/bin/cc    -DGIF_GifFileType_UserData -fPIE   -o CMakeFiles/cmTC_56e85.dir/src.c.o   -c /home/hp/Desktop/Swap_face/dlib-19.17/build/temp.linux-x86_64-3.6/CMakeFiles/CMakeTmp/src.c
Linking C executable cmTC_56e85
/usr/bin/cmake -E cmake_link_script CMakeFiles/cmTC_56e85.dir/link.txt --verbose=1
/usr/bin/cc   -DGIF_GifFileType_UserData    CMakeFiles/cmTC_56e85.dir/src.c.o  -o cmTC_56e85 -rdynamic 
make[1]: Leaving directory '/home/hp/Desktop/Swap_face/dlib-19.17/build/temp.linux-x86_64-3.6/CMakeFiles/CMakeTmp'

Source file was:

#include <gif_lib.h>

int main()
{
   (void)sizeof(((GifFileType *)0)->UserData);
   return 0;
}

Determining if the function png_create_read_struct exists passed with the following output:
Change Dir: /home/hp/Desktop/Swap_face/dlib-19.17/build/temp.linux-x86_64-3.6/CMakeFiles/CMakeTmp

Run Build Command:"/usr/bin/make" "cmTC_49dee/fast"
/usr/bin/make -f CMakeFiles/cmTC_49dee.dir/build.make CMakeFiles/cmTC_49dee.dir/build
make[1]: Entering directory '/home/hp/Desktop/Swap_face/dlib-19.17/build/temp.linux-x86_64-3.6/CMakeFiles/CMakeTmp'
Building C object CMakeFiles/cmTC_49dee.dir/CheckFunctionExists.c.o
/usr/bin/cc    -DCHECK_FUNCTION_EXISTS=png_create_read_struct -fPIE   -o CMakeFiles/cmTC_49dee.dir/CheckFunctionExists.c.o   -c /usr/share/cmake-3.5/Modules/CheckFunctionExists.c
Linking C executable cmTC_49dee
/usr/bin/cmake -E cmake_link_script CMakeFiles/cmTC_49dee.dir/link.txt --verbose=1
/usr/bin/cc   -DCHECK_FUNCTION_EXISTS=png_create_read_struct    CMakeFiles/cmTC_49dee.dir/CheckFunctionExists.c.o  -o cmTC_49dee -rdynamic /usr/lib/x86_64-linux-gnu/libpng.so /usr/lib/x86_64-linux-gnu/libz.so 
make[1]: Leaving directory '/home/hp/Desktop/Swap_face/dlib-19.17/build/temp.linux-x86_64-3.6/CMakeFiles/CMakeTmp'


Determining if the function jpeg_read_header exists passed with the following output:
Change Dir: /home/hp/Desktop/Swap_face/dlib-19.17/build/temp.linux-x86_64-3.6/CMakeFiles/CMakeTmp

Run Build Command:"/usr/bin/make" "cmTC_2b15d/fast"
/usr/bin/make -f CMakeFiles/cmTC_2b15d.dir/build.make CMakeFiles/cmTC_2b15d.dir/build
make[1]: Entering directory '/home/hp/Desktop/Swap_face/dlib-19.17/build/temp.linux-x86_64-3.6/CMakeFiles/CMakeTmp'
Building C object CMakeFiles/cmTC_2b15d.dir/CheckFunctionExists.c.o
/usr/bin/cc    -DCHECK_FUNCTION_EXISTS=jpeg_read_header -fPIE   -o CMakeFiles/cmTC_2b15d.dir/CheckFunctionExists.c.o   -c /usr/share/cmake-3.5/Modules/CheckFunctionExists.c
Linking C executable cmTC_2b15d
/usr/bin/cmake -E cmake_link_script CMakeFiles/cmTC_2b15d.dir/link.txt --verbose=1
/usr/bin/cc   -DCHECK_FUNCTION_EXISTS=jpeg_read_header    CMakeFiles/cmTC_2b15d.dir/CheckFunctionExists.c.o  -o cmTC_2b15d -rdynamic /usr/lib/x86_64-linux-gnu/libjpeg.so 
make[1]: Leaving directory '/home/hp/Desktop/Swap_face/dlib-19.17/build/temp.linux-x86_64-3.6/CMakeFiles/CMakeTmp'


Determining if the include file sys/types.h exists passed with the following output:
Change Dir: /home/hp/Desktop/Swap_face/dlib-19.17/build/temp.linux-x86_64-3.6/CMakeFiles/CMakeTmp

Run Build Command:"/usr/bin/make" "cmTC_4897b/fast"
/usr/bin/make -f CMakeFiles/cmTC_4897b.dir/build.make CMakeFiles/cmTC_4897b.dir/build
make[1]: Entering directory '/home/hp/Desktop/Swap_face/dlib-19.17/build/temp.linux-x86_64-3.6/CMakeFiles/CMakeTmp'
Building C object CMakeFiles/cmTC_4897b.dir/CheckIncludeFile.c.o
/usr/bin/cc    -fPIE   -o CMakeFiles/cmTC_4897b.dir/CheckIncludeFile.c.o   -c /home/hp/Desktop/Swap_face/dlib-19.17/build/temp.linux-x86_64-3.6/CMakeFiles/CMakeTmp/CheckIncludeFile.c
Linking C executable cmTC_4897b
/usr/bin/cmake -E cmake_link_script CMakeFiles/cmTC_4897b.dir/link.txt --verbose=1
/usr/bin/cc       CMakeFiles/cmTC_4897b.dir/CheckIncludeFile.c.o  -o cmTC_4897b -rdynamic 
make[1]: Leaving directory '/home/hp/Desktop/Swap_face/dlib-19.17/build/temp.linux-x86_64-3.6/CMakeFiles/CMakeTmp'


Determining if the include file stdint.h exists passed with the following output:
Change Dir: /home/hp/Desktop/Swap_face/dlib-19.17/build/temp.linux-x86_64-3.6/CMakeFiles/CMakeTmp

Run Build Command:"/usr/bin/make" "cmTC_11347/fast"
/usr/bin/make -f CMakeFiles/cmTC_11347.dir/build.make CMakeFiles/cmTC_11347.dir/build
make[1]: Entering directory '/home/hp/Desktop/Swap_face/dlib-19.17/build/temp.linux-x86_64-3.6/CMakeFiles/CMakeTmp'
Building C object CMakeFiles/cmTC_11347.dir/CheckIncludeFile.c.o
/usr/bin/cc    -fPIE   -o CMakeFiles/cmTC_11347.dir/CheckIncludeFile.c.o   -c /home/hp/Desktop/Swap_face/dlib-19.17/build/temp.linux-x86_64-3.6/CMakeFiles/CMakeTmp/CheckIncludeFile.c
Linking C executable cmTC_11347
/usr/bin/cmake -E cmake_link_script CMakeFiles/cmTC_11347.dir/link.txt --verbose=1
/usr/bin/cc       CMakeFiles/cmTC_11347.dir/CheckIncludeFile.c.o  -o cmTC_11347 -rdynamic 
make[1]: Leaving directory '/home/hp/Desktop/Swap_face/dlib-19.17/build/temp.linux-x86_64-3.6/CMakeFiles/CMakeTmp'


Determining if the include file stddef.h exists passed with the following output:
Change Dir: /home/hp/Desktop/Swap_face/dlib-19.17/build/temp.linux-x86_64-3.6/CMakeFiles/CMakeTmp

Run Build Command:"/usr/bin/make" "cmTC_4d216/fast"
/usr/bin/make -f CMakeFiles/cmTC_4d216.dir/build.make CMakeFiles/cmTC_4d216.dir/build
make[1]: Entering directory '/home/hp/Desktop/Swap_face/dlib-19.17/build/temp.linux-x86_64-3.6/CMakeFiles/CMakeTmp'
Building C object CMakeFiles/cmTC_4d216.dir/CheckIncludeFile.c.o
/usr/bin/cc    -fPIE   -o CMakeFiles/cmTC_4d216.dir/CheckIncludeFile.c.o   -c /home/hp/Desktop/Swap_face/dlib-19.17/build/temp.linux-x86_64-3.6/CMakeFiles/CMakeTmp/CheckIncludeFile.c
Linking C executable cmTC_4d216
/usr/bin/cmake -E cmake_link_script CMakeFiles/cmTC_4d216.dir/link.txt --verbose=1
/usr/bin/cc       CMakeFiles/cmTC_4d216.dir/CheckIncludeFile.c.o  -o cmTC_4d216 -rdynamic 
make[1]: Leaving directory '/home/hp/Desktop/Swap_face/dlib-19.17/build/temp.linux-x86_64-3.6/CMakeFiles/CMakeTmp'


Determining size of void* passed with the following output:
Change Dir: /home/hp/Desktop/Swap_face/dlib-19.17/build/temp.linux-x86_64-3.6/CMakeFiles/CMakeTmp

Run Build Command:"/usr/bin/make" "cmTC_16f75/fast"
/usr/bin/make -f CMakeFiles/cmTC_16f75.dir/build.make CMakeFiles/cmTC_16f75.dir/build
make[1]: Entering directory '/home/hp/Desktop/Swap_face/dlib-19.17/build/temp.linux-x86_64-3.6/CMakeFiles/CMakeTmp'
Building C object CMakeFiles/cmTC_16f75.dir/SIZE_OF_VOID_PTR.c.o
/usr/bin/cc    -fPIE   -o CMakeFiles/cmTC_16f75.dir/SIZE_OF_VOID_PTR.c.o   -c /home/hp/Desktop/Swap_face/dlib-19.17/build/temp.linux-x86_64-3.6/CMakeFiles/CheckTypeSize/SIZE_OF_VOID_PTR.c
Linking C executable cmTC_16f75
/usr/bin/cmake -E cmake_link_script CMakeFiles/cmTC_16f75.dir/link.txt --verbose=1
/usr/bin/cc       CMakeFiles/cmTC_16f75.dir/SIZE_OF_VOID_PTR.c.o  -o cmTC_16f75 -rdynamic /usr/lib/x86_64-linux-gnu/libjpeg.so 
make[1]: Leaving directory '/home/hp/Desktop/Swap_face/dlib-19.17/build/temp.linux-x86_64-3.6/CMakeFiles/CMakeTmp'


Determining if the function sgetrf_single exists passed with the following output:
Change Dir: /home/hp/Desktop/Swap_face/dlib-19.17/build/temp.linux-x86_64-3.6/CMakeFiles/CMakeTmp

Run Build Command:"/usr/bin/make" "cmTC_f5e25/fast"
/usr/bin/make -f CMakeFiles/cmTC_f5e25.dir/build.make CMakeFiles/cmTC_f5e25.dir/build
make[1]: Entering directory '/home/hp/Desktop/Swap_face/dlib-19.17/build/temp.linux-x86_64-3.6/CMakeFiles/CMakeTmp'
Building C object CMakeFiles/cmTC_f5e25.dir/CheckFunctionExists.c.o
/usr/bin/cc    -DCHECK_FUNCTION_EXISTS=sgetrf_single -fPIE   -o CMakeFiles/cmTC_f5e25.dir/CheckFunctionExists.c.o   -c /usr/share/cmake-3.5/Modules/CheckFunctionExists.c
Linking C executable cmTC_f5e25
/usr/bin/cmake -E cmake_link_script CMakeFiles/cmTC_f5e25.dir/link.txt --verbose=1
/usr/bin/cc   -DCHECK_FUNCTION_EXISTS=sgetrf_single    CMakeFiles/cmTC_f5e25.dir/CheckFunctionExists.c.o  -o cmTC_f5e25 -rdynamic /usr/local/lib/libopenblas.so -Wl,-rpath,/usr/local/lib 
make[1]: Leaving directory '/home/hp/Desktop/Swap_face/dlib-19.17/build/temp.linux-x86_64-3.6/CMakeFiles/CMakeTmp'


Determining if the function cblas_ddot exists passed with the following output:
Change Dir: /home/hp/Desktop/Swap_face/dlib-19.17/build/temp.linux-x86_64-3.6/CMakeFiles/CMakeTmp

Run Build Command:"/usr/bin/make" "cmTC_2ca0d/fast"
/usr/bin/make -f CMakeFiles/cmTC_2ca0d.dir/build.make CMakeFiles/cmTC_2ca0d.dir/build
make[1]: Entering directory '/home/hp/Desktop/Swap_face/dlib-19.17/build/temp.linux-x86_64-3.6/CMakeFiles/CMakeTmp'
Building C object CMakeFiles/cmTC_2ca0d.dir/CheckFunctionExists.c.o
/usr/bin/cc    -DCHECK_FUNCTION_EXISTS=cblas_ddot -fPIE   -o CMakeFiles/cmTC_2ca0d.dir/CheckFunctionExists.c.o   -c /usr/share/cmake-3.5/Modules/CheckFunctionExists.c
Linking C executable cmTC_2ca0d
/usr/bin/cmake -E cmake_link_script CMakeFiles/cmTC_2ca0d.dir/link.txt --verbose=1
/usr/bin/cc   -DCHECK_FUNCTION_EXISTS=cblas_ddot    CMakeFiles/cmTC_2ca0d.dir/CheckFunctionExists.c.o  -o cmTC_2ca0d -rdynamic /usr/local/lib/libopenblas.so -Wl,-rpath,/usr/local/lib 
make[1]: Leaving directory '/home/hp/Desktop/Swap_face/dlib-19.17/build/temp.linux-x86_64-3.6/CMakeFiles/CMakeTmp'


