Determining if the pthread_create exist failed with the following output:
Change Dir: /home/hp/Desktop/Swap_face/dlib-19.17/build/temp.linux-x86_64-3.6/CMakeFiles/CMakeTmp

Run Build Command:"/usr/bin/make" "cmTC_c87e6/fast"
/usr/bin/make -f CMakeFiles/cmTC_c87e6.dir/build.make CMakeFiles/cmTC_c87e6.dir/build
make[1]: Entering directory '/home/hp/Desktop/Swap_face/dlib-19.17/build/temp.linux-x86_64-3.6/CMakeFiles/CMakeTmp'
Building C object CMakeFiles/cmTC_c87e6.dir/CheckSymbolExists.c.o
/usr/bin/cc    -fPIE   -o CMakeFiles/cmTC_c87e6.dir/CheckSymbolExists.c.o   -c /home/hp/Desktop/Swap_face/dlib-19.17/build/temp.linux-x86_64-3.6/CMakeFiles/CMakeTmp/CheckSymbolExists.c
Linking C executable cmTC_c87e6
/usr/bin/cmake -E cmake_link_script CMakeFiles/cmTC_c87e6.dir/link.txt --verbose=1
/usr/bin/cc       CMakeFiles/cmTC_c87e6.dir/CheckSymbolExists.c.o  -o cmTC_c87e6 -rdynamic 
CMakeFiles/cmTC_c87e6.dir/CheckSymbolExists.c.o: In function `main':
CheckSymbolExists.c:(.text+0x1b): undefined reference to `pthread_create'
collect2: error: ld returned 1 exit status
CMakeFiles/cmTC_c87e6.dir/build.make:97: recipe for target 'cmTC_c87e6' failed
make[1]: *** [cmTC_c87e6] Error 1
make[1]: Leaving directory '/home/hp/Desktop/Swap_face/dlib-19.17/build/temp.linux-x86_64-3.6/CMakeFiles/CMakeTmp'
Makefile:126: recipe for target 'cmTC_c87e6/fast' failed
make: *** [cmTC_c87e6/fast] Error 2

File /home/hp/Desktop/Swap_face/dlib-19.17/build/temp.linux-x86_64-3.6/CMakeFiles/CMakeTmp/CheckSymbolExists.c:
/* */
#include <pthread.h>

int main(int argc, char** argv)
{
  (void)argv;
#ifndef pthread_create
  return ((int*)(&pthread_create))[argc];
#else
  (void)argc;
  return 0;
#endif
}

Determining if the function pthread_create exists in the pthreads failed with the following output:
Change Dir: /home/hp/Desktop/Swap_face/dlib-19.17/build/temp.linux-x86_64-3.6/CMakeFiles/CMakeTmp

Run Build Command:"/usr/bin/make" "cmTC_cc5a7/fast"
/usr/bin/make -f CMakeFiles/cmTC_cc5a7.dir/build.make CMakeFiles/cmTC_cc5a7.dir/build
make[1]: Entering directory '/home/hp/Desktop/Swap_face/dlib-19.17/build/temp.linux-x86_64-3.6/CMakeFiles/CMakeTmp'
Building C object CMakeFiles/cmTC_cc5a7.dir/CheckFunctionExists.c.o
/usr/bin/cc    -DCHECK_FUNCTION_EXISTS=pthread_create -fPIE   -o CMakeFiles/cmTC_cc5a7.dir/CheckFunctionExists.c.o   -c /usr/share/cmake-3.5/Modules/CheckFunctionExists.c
Linking C executable cmTC_cc5a7
/usr/bin/cmake -E cmake_link_script CMakeFiles/cmTC_cc5a7.dir/link.txt --verbose=1
/usr/bin/cc   -DCHECK_FUNCTION_EXISTS=pthread_create    CMakeFiles/cmTC_cc5a7.dir/CheckFunctionExists.c.o  -o cmTC_cc5a7 -rdynamic -lpthreads 
/usr/bin/ld: cannot find -lpthreads
collect2: error: ld returned 1 exit status
CMakeFiles/cmTC_cc5a7.dir/build.make:97: recipe for target 'cmTC_cc5a7' failed
make[1]: *** [cmTC_cc5a7] Error 1
make[1]: Leaving directory '/home/hp/Desktop/Swap_face/dlib-19.17/build/temp.linux-x86_64-3.6/CMakeFiles/CMakeTmp'
Makefile:126: recipe for target 'cmTC_cc5a7/fast' failed
make: *** [cmTC_cc5a7/fast] Error 2


Determining if the function sgesv exists failed with the following output:
Change Dir: /home/hp/Desktop/Swap_face/dlib-19.17/build/temp.linux-x86_64-3.6/CMakeFiles/CMakeTmp

Run Build Command:"/usr/bin/make" "cmTC_4e56a/fast"
/usr/bin/make -f CMakeFiles/cmTC_4e56a.dir/build.make CMakeFiles/cmTC_4e56a.dir/build
make[1]: Entering directory '/home/hp/Desktop/Swap_face/dlib-19.17/build/temp.linux-x86_64-3.6/CMakeFiles/CMakeTmp'
Building C object CMakeFiles/cmTC_4e56a.dir/CheckFunctionExists.c.o
/usr/bin/cc    -DCHECK_FUNCTION_EXISTS=sgesv -fPIE   -o CMakeFiles/cmTC_4e56a.dir/CheckFunctionExists.c.o   -c /usr/share/cmake-3.5/Modules/CheckFunctionExists.c
Linking C executable cmTC_4e56a
/usr/bin/cmake -E cmake_link_script CMakeFiles/cmTC_4e56a.dir/link.txt --verbose=1
/usr/bin/cc   -DCHECK_FUNCTION_EXISTS=sgesv    CMakeFiles/cmTC_4e56a.dir/CheckFunctionExists.c.o  -o cmTC_4e56a -rdynamic 
CMakeFiles/cmTC_4e56a.dir/CheckFunctionExists.c.o: In function `main':
CheckFunctionExists.c:(.text+0x15): undefined reference to `sgesv'
collect2: error: ld returned 1 exit status
CMakeFiles/cmTC_4e56a.dir/build.make:97: recipe for target 'cmTC_4e56a' failed
make[1]: *** [cmTC_4e56a] Error 1
make[1]: Leaving directory '/home/hp/Desktop/Swap_face/dlib-19.17/build/temp.linux-x86_64-3.6/CMakeFiles/CMakeTmp'
Makefile:126: recipe for target 'cmTC_4e56a/fast' failed
make: *** [cmTC_4e56a/fast] Error 2


Determining if the function sgesv_ exists failed with the following output:
Change Dir: /home/hp/Desktop/Swap_face/dlib-19.17/build/temp.linux-x86_64-3.6/CMakeFiles/CMakeTmp

Run Build Command:"/usr/bin/make" "cmTC_f3ea7/fast"
/usr/bin/make -f CMakeFiles/cmTC_f3ea7.dir/build.make CMakeFiles/cmTC_f3ea7.dir/build
make[1]: Entering directory '/home/hp/Desktop/Swap_face/dlib-19.17/build/temp.linux-x86_64-3.6/CMakeFiles/CMakeTmp'
Building C object CMakeFiles/cmTC_f3ea7.dir/CheckFunctionExists.c.o
/usr/bin/cc    -DCHECK_FUNCTION_EXISTS=sgesv_ -fPIE   -o CMakeFiles/cmTC_f3ea7.dir/CheckFunctionExists.c.o   -c /usr/share/cmake-3.5/Modules/CheckFunctionExists.c
Linking C executable cmTC_f3ea7
/usr/bin/cmake -E cmake_link_script CMakeFiles/cmTC_f3ea7.dir/link.txt --verbose=1
/usr/bin/cc   -DCHECK_FUNCTION_EXISTS=sgesv_    CMakeFiles/cmTC_f3ea7.dir/CheckFunctionExists.c.o  -o cmTC_f3ea7 -rdynamic 
CMakeFiles/cmTC_f3ea7.dir/CheckFunctionExists.c.o: In function `main':
CheckFunctionExists.c:(.text+0x15): undefined reference to `sgesv_'
collect2: error: ld returned 1 exit status
CMakeFiles/cmTC_f3ea7.dir/build.make:97: recipe for target 'cmTC_f3ea7' failed
make[1]: *** [cmTC_f3ea7] Error 1
make[1]: Leaving directory '/home/hp/Desktop/Swap_face/dlib-19.17/build/temp.linux-x86_64-3.6/CMakeFiles/CMakeTmp'
Makefile:126: recipe for target 'cmTC_f3ea7/fast' failed
make: *** [cmTC_f3ea7/fast] Error 2


